<?xml version="1.0" encoding="utf-8"?>
<TestRun id="9334e6a4-4fb9-4632-a333-675df0db10ba" name="acuartas@BITCODEV1 2026-06-25 08:16:51" runUser="BITCODE\acuartas" xmlns="http://microsoft.com/schemas/VisualStudio/TeamTest/2010">
  <Times creation="2026-06-25T08:16:51.6175944-05:00" queuing="2026-06-25T08:16:51.6175952-05:00" start="2026-06-25T08:15:45.3452241-05:00" finish="2026-06-25T08:19:58.3624661-05:00" />
  <TestSettings name="default" id="92b1acb1-42a7-4745-88dc-1027b3e29657">
    <Deployment runDeploymentRoot="acuartas_BITCODEV1_2026-06-25_08_16_51" />
  </TestSettings>
  <Results>
    <UnitTestResult executionId="bbd7e449-273b-47b6-90fa-43fd3594028f" testId="8b42754f-5347-c687-e03b-f5a5325aabf4" testName="Propia.Integration.Tests.DocumentosFlowTests.Seed_global_tiene_9_categorias_y_7_etiquetas_base" computerName="BITCODEV1" duration="00:00:00.1113463" startTime="2026-06-25T08:17:21.2071756-05:00" endTime="2026-06-25T08:17:21.2071760-05:00" testType="13cdc9d9-ddb5-4fa4-a97d-d965ccfc6d4b" outcome="Passed" testListId="8c84fa94-04c1-424b-9868-57a2d4851a1d" relativeResultsDirectory="bbd7e449-273b-47b6-90fa-43fd3594028f" />
    <UnitTestResult executionId="a78ecb25-da8e-4a7a-86ac-7d74f5ae469a" testId="a7324b8f-b7ba-bb74-f87f-2fba8f7bf4e1" testName="Propia.Integration.Tests.ReservasFlowTests.RN07_anticipacion_minima_no_respetada_falla" computerName="BITCODEV1" duration="00:00:00.3140857" startTime="2026-06-25T08:19:33.3402514-05:00" endTime="2026-06-25T08:19:33.3402522-05:00" testType="13cdc9d9-ddb5-4fa4-a97d-d965ccfc6d4b" outcome="Passed" testListId="8c84fa94-04c1-424b-9868-57a2d4851a1d" relativeResultsDirectory="a78ecb25-da8e-4a7a-86ac-7d74f5ae469a" />
    <UnitTestResult executionId="75c7c128-0282-425b-8e05-74fd4892c928" testId="2d09ee15-f7c5-81ef-8916-e68acabeddd8" testName="Propia.Integration.Tests.BillingFlowTests.BillingConfig_singleton_es_legible_y_modificable" computerName="BITCODEV1" duration="00:00:00.1248991" startTime="2026-06-25T08:17:05.2773068-05:00" endTime="2026-06-25T08:17:05.2773070-05:00" testType="13cdc9d9-ddb5-4fa4-a97d-d965ccfc6d4b" outcome="Passed" testListId="8c84fa94-04c1-424b-9868-57a2d4851a1d" relativeResultsDirectory="75c7c128-0282-425b-8e05-74fd4892c928" />
    <UnitTestResult executionId="d993859c-5ad4-48ea-bae7-a2dbd4ff9fb9" testId="7ba7b8a4-a715-fb6b-199a-2ed94fd56e95" testName="Propia.Integration.Tests.ReservasFlowTests.RN15_bloqueo_manual_impide_reservar" computerName="BITCODEV1" duration="00:00:00.4225404" startTime="2026-06-25T08:19:31.9802980-05:00" endTime="2026-06-25T08:19:31.9802986-05:00" testType="13cdc9d9-ddb5-4fa4-a97d-d965ccfc6d4b" outcome="Passed" testListId="8c84fa94-04c1-424b-9868-57a2d4851a1d" relativeResultsDirectory="d993859c-5ad4-48ea-bae7-a2dbd4ff9fb9" />
    <UnitTestResult executionId="c3d39d1c-aab3-4be9-8bf8-39fa430498e8" testId="42957e0e-2b72-8f2f-4621-dfe4ca0f7ce1" testName="Propia.Integration.Tests.PqrsdFlowTests.Ciclo_completo_recibida_gestion_respondida_cerrada_automatico_sin_inconformidad" computerName="BITCODEV1" duration="00:00:11.7499787" startTime="2026-06-25T08:18:56.9178045-05:00" endTime="2026-06-25T08:18:56.9178054-05:00" testType="13cdc9d9-ddb5-4fa4-a97d-d965ccfc6d4b" outcome="Passed" testListId="8c84fa94-04c1-424b-9868-57a2d4851a1d" relativeResultsDirectory="c3d39d1c-aab3-4be9-8bf8-39fa430498e8" />
    <UnitTestResult executionId="2b8fcd99-5908-4312-9f1b-95544619f9a7" testId="a5cc3928-0cf1-cb02-91af-ab501a9424b9" testName="Propia.Integration.Tests.ReportesFlowTests.Regenerar_usa_los_mismos_parametros_y_crea_otra_fila" computerName="BITCODEV1" duration="00:00:00.4157300" startTime="2026-06-25T08:19:27.8741652-05:00" endTime="2026-06-25T08:19:27.8741660-05:00" testType="13cdc9d9-ddb5-4fa4-a97d-d965ccfc6d4b" outcome="Passed" testListId="8c84fa94-04c1-424b-9868-57a2d4851a1d" relativeResultsDirectory="2b8fcd99-5908-4312-9f1b-95544619f9a7" />
    <UnitTestResult executionId="d313531a-0acf-499b-be06-2563cebd3db7" testId="33869d92-8bad-c3f4-cb10-5d634dc04bc6" testName="Propia.Integration.Tests.PresupuestoFlowTests.Solo_una_vigencia_EnEjecucion_a_la_vez_RN01" computerName="BITCODEV1" duration="00:00:04.1889867" startTime="2026-06-25T08:19:04.8571771-05:00" endTime="2026-06-25T08:19:04.8571776-05:00" testType="13cdc9d9-ddb5-4fa4-a97d-d965ccfc6d4b" outcome="Passed" testListId="8c84fa94-04c1-424b-9868-57a2d4851a1d" relativeResultsDirectory="d313531a-0acf-499b-be06-2563cebd3db7" />
    <UnitTestResult executionId="312d04d4-d00e-4974-a9d5-c6c4286c352c" testId="8bc6b02b-7c22-8189-673f-466ba3ddeef0" testName="Propia.Integration.Tests.DocumentosFlowTests.Filtro_por_categoria_y_texto_funciona" computerName="BITCODEV1" duration="00:00:00.4463454" startTime="2026-06-25T08:17:21.6554212-05:00" endTime="2026-06-25T08:17:21.6554218-05:00" testType="13cdc9d9-ddb5-4fa4-a97d-d965ccfc6d4b" outcome="Passed" testListId="8c84fa94-04c1-424b-9868-57a2d4851a1d" relativeResultsDirectory="312d04d4-d00e-4974-a9d5-c6c4286c352c" />
    <UnitTestResult executionId="0c19b59d-c262-4f8b-8fbc-3f5edc76edb5" testId="520550d3-cef7-3807-39ca-63a773dcc543" testName="Propia.Integration.Tests.BackgroundJobsFlowTests.Tick_ejecuta_job_que_nunca_ha_corrido_y_registra_exitoso" computerName="BITCODEV1" duration="00:00:00.1465464" startTime="2026-06-25T08:17:02.2349326-05:00" endTime="2026-06-25T08:17:02.2349333-05:00" testType="13cdc9d9-ddb5-4fa4-a97d-d965ccfc6d4b" outcome="Passed" testListId="8c84fa94-04c1-424b-9868-57a2d4851a1d" relativeResultsDirectory="0c19b59d-c262-4f8b-8fbc-3f5edc76edb5" />
    <UnitTestResult executionId="b081b197-5552-4298-9907-6ec618985d80" testId="3291810e-133f-f243-155a-b34f8575fd49" testName="Propia.Integration.Tests.TareasFlowTests.Crear_tarea_genera_numero_y_arranca_Pendiente_con_historial" computerName="BITCODEV1" duration="00:00:01.0735370" startTime="2026-06-25T08:19:44.4813723-05:00" endTime="2026-06-25T08:19:44.4813730-05:00" testType="13cdc9d9-ddb5-4fa4-a97d-d965ccfc6d4b" outcome="Passed" testListId="8c84fa94-04c1-424b-9868-57a2d4851a1d" relativeResultsDirectory="b081b197-5552-4298-9907-6ec618985d80" />
    <UnitTestResult executionId="cfb6c0d2-9e69-4df9-b99e-23d88557e83d" testId="9afa7b5b-bd72-af7b-04e7-2919adde4d1a" testName="Propia.Integration.Tests.MantenimientoFlowTests.Crear_intervencion_genera_tarea_vinculada_RN03" computerName="BITCODEV1" duration="00:00:00.8124557" startTime="2026-06-25T08:17:33.2874645-05:00" endTime="2026-06-25T08:17:33.2874650-05:00" testType="13cdc9d9-ddb5-4fa4-a97d-d965ccfc6d4b" outcome="Passed" testListId="8c84fa94-04c1-424b-9868-57a2d4851a1d" relativeResultsDirectory="cfb6c0d2-9e69-4df9-b99e-23d88557e83d" />
    <UnitTestResult executionId="6321d07e-024f-4a87-8311-01eefcf93ab0" testId="e4e6b65e-183d-ddf7-ad10-b27d4f3d42e0" testName="Propia.Integration.Tests.ReservasFlowTests.RN04_reserva_se_confirma_automaticamente_sin_tarifa_ni_aprobacion" computerName="BITCODEV1" duration="00:00:00.2280440" startTime="2026-06-25T08:19:32.5247537-05:00" endTime="2026-06-25T08:19:32.5247545-05:00" testType="13cdc9d9-ddb5-4fa4-a97d-d965ccfc6d4b" outcome="Passed" testListId="8c84fa94-04c1-424b-9868-57a2d4851a1d" relativeResultsDirectory="6321d07e-024f-4a87-8311-01eefcf93ab0" />
    <UnitTestResult executionId="8c3682cf-505e-4755-a45c-f8d652d73f69" testId="8075fe27-a0bf-deda-8f85-38e5d9618bdf" testName="Propia.Integration.Tests.CapaUnoCierreFlowTests.Calendario_resumen_no_falla_aun_sin_data" computerName="BITCODEV1" duration="00:00:00.6272429" startTime="2026-06-25T08:17:08.1818460-05:00" endTime="2026-06-25T08:17:08.1818469-05:00" testType="13cdc9d9-ddb5-4fa4-a97d-d965ccfc6d4b" outcome="Passed" testListId="8c84fa94-04c1-424b-9868-57a2d4851a1d" relativeResultsDirectory="8c3682cf-505e-4755-a45c-f8d652d73f69" />
    <UnitTestResult executionId="986858c2-06d9-495e-8653-d81a92ce4d9b" testId="98665bde-1490-4f98-5843-d602c4874983" testName="Propia.Integration.Tests.PresupuestoFlowTests.Registrar_pago_manual_marca_liquidacion_como_pagada" computerName="BITCODEV1" duration="00:00:17.9488181" startTime="2026-06-25T08:19:22.8179359-05:00" endTime="2026-06-25T08:19:22.8179363-05:00" testType="13cdc9d9-ddb5-4fa4-a97d-d965ccfc6d4b" outcome="Passed" testListId="8c84fa94-04c1-424b-9868-57a2d4851a1d" relativeResultsDirectory="986858c2-06d9-495e-8653-d81a92ce4d9b" />
    <UnitTestResult executionId="af5271f3-c18f-4d4e-a2a5-61e5c502a996" testId="5b8f8aaf-0857-4ee4-76e7-d1a62fa84913" testName="Propia.Integration.Tests.MiCopropiedadFlowTests.Crear_contrato_servicio_aparece_en_listado" computerName="BITCODEV1" duration="00:00:00.6479051" startTime="2026-06-25T08:17:42.0046263-05:00" endTime="2026-06-25T08:17:42.0046268-05:00" testType="13cdc9d9-ddb5-4fa4-a97d-d965ccfc6d4b" outcome="Passed" testListId="8c84fa94-04c1-424b-9868-57a2d4851a1d" relativeResultsDirectory="af5271f3-c18f-4d4e-a2a5-61e5c502a996" />
    <UnitTestResult executionId="9d8f9e3a-2e32-4eeb-8028-5df83f901028" testId="8ca597d2-186c-877e-369b-a8c2d61e616e" testName="Propia.Integration.Tests.MantenimientoFlowTests.Plan_con_fecha_inicio_en_el_pasado_rechaza_RN02" computerName="BITCODEV1" duration="00:00:00.2333396" startTime="2026-06-25T08:17:31.4067674-05:00" endTime="2026-06-25T08:17:31.4067680-05:00" testType="13cdc9d9-ddb5-4fa4-a97d-d965ccfc6d4b" outcome="Passed" testListId="8c84fa94-04c1-424b-9868-57a2d4851a1d" relativeResultsDirectory="9d8f9e3a-2e32-4eeb-8028-5df83f901028" />
    <UnitTestResult executionId="b4e3ce6c-aca0-48b8-91d1-c192c177bf45" testId="5d0dd47d-1ecd-78dc-9db4-13564658d1e0" testName="Propia.Integration.Tests.MonitoriaFlowTests.CalcularMetricasHoy_devuelve_snapshot_y_es_idempotente" computerName="BITCODEV1" duration="00:00:00.4056180" startTime="2026-06-25T08:17:47.8516634-05:00" endTime="2026-06-25T08:17:47.8516641-05:00" testType="13cdc9d9-ddb5-4fa4-a97d-d965ccfc6d4b" outcome="Passed" testListId="8c84fa94-04c1-424b-9868-57a2d4851a1d" relativeResultsDirectory="b4e3ce6c-aca0-48b8-91d1-c192c177bf45" />
    <UnitTestResult executionId="65d63f34-3300-4b9e-827f-a8a959f314a0" testId="f320d504-42bb-fb87-9ba8-75aa98d4a7fe" testName="Propia.Integration.Tests.UsuariosAccesosFlowTests.Catalogo_seed_tiene_5_base_y_6_extendidos" computerName="BITCODEV1" duration="00:00:00.0820213" startTime="2026-06-25T08:19:56.0008631-05:00" endTime="2026-06-25T08:19:56.0008638-05:00" testType="13cdc9d9-ddb5-4fa4-a97d-d965ccfc6d4b" outcome="Passed" testListId="8c84fa94-04c1-424b-9868-57a2d4851a1d" relativeResultsDirectory="65d63f34-3300-4b9e-827f-a8a959f314a0" />
    <UnitTestResult executionId="b2dd776b-15ed-4f41-8ad0-7d239fbfaec4" testId="7f0be6a2-8d91-e80a-7822-3832d333e70e" testName="Propia.Integration.Tests.CalendarioHabilFlowTests.Seed_migracion_inserta_festivos_2024_2032" computerName="BITCODEV1" duration="00:00:00.0899134" startTime="2026-06-25T08:17:07.4980223-05:00" endTime="2026-06-25T08:17:07.4980229-05:00" testType="13cdc9d9-ddb5-4fa4-a97d-d965ccfc6d4b" outcome="Passed" testListId="8c84fa94-04c1-424b-9868-57a2d4851a1d" relativeResultsDirectory="b2dd776b-15ed-4f41-8ad0-7d239fbfaec4" />
    <UnitTestResult executionId="0744cd33-6798-4e44-b46c-f718195a3c19" testId="2c80d028-1061-bc24-c857-31de5bc9d37c" testName="Propia.Integration.Tests.ComunicacionesFlowTests.Enviar_inmediato_marca_destinatarios_Entregado_y_simula_T2" computerName="BITCODEV1" duration="00:00:00.1469722" startTime="2026-06-25T08:17:15.2006703-05:00" endTime="2026-06-25T08:17:15.2006706-05:00" testType="13cdc9d9-ddb5-4fa4-a97d-d965ccfc6d4b" outcome="Passed" testListId="8c84fa94-04c1-424b-9868-57a2d4851a1d" relativeResultsDirectory="0744cd33-6798-4e44-b46c-f718195a3c19" />
    <UnitTestResult executionId="28743fb5-847a-47d4-bda7-34fa9f8d2904" testId="256360e5-e975-eb85-b570-326633f8eebe" testName="Propia.Integration.Tests.PorteriaFlowTests.RN09_aviso_tratamiento_obligatorio_para_visitante_sin_autorizacion" computerName="BITCODEV1" duration="00:00:01.6586344" startTime="2026-06-25T08:18:13.4828255-05:00" endTime="2026-06-25T08:18:13.4828263-05:00" testType="13cdc9d9-ddb5-4fa4-a97d-d965ccfc6d4b" outcome="Passed" testListId="8c84fa94-04c1-424b-9868-57a2d4851a1d" relativeResultsDirectory="28743fb5-847a-47d4-bda7-34fa9f8d2904" />
    <UnitTestResult executionId="06587a13-ee84-42af-8bcd-d912076bbd1e" testId="4e9b272d-f0b5-2076-b728-28ef4e6b027d" testName="Propia.Integration.Tests.AsambleaFlowTests.RN09_solo_un_voto_por_unidad_por_votacion" computerName="BITCODEV1" duration="00:00:06.6437919" startTime="2026-06-25T08:16:51.4874567-05:00" endTime="2026-06-25T08:16:51.4874939-05:00" testType="13cdc9d9-ddb5-4fa4-a97d-d965ccfc6d4b" outcome="Passed" testListId="8c84fa94-04c1-424b-9868-57a2d4851a1d" relativeResultsDirectory="06587a13-ee84-42af-8bcd-d912076bbd1e" />
    <UnitTestResult executionId="7c7f2972-d7b7-4579-b03e-c52257b498a2" testId="eddf7b5f-2f9a-a337-92ed-86d12a0b7b44" testName="Propia.Integration.Tests.PqrsdFlowTests.Activar_Tutela_cambia_semaforo_a_critico_y_requiere_justificacion" computerName="BITCODEV1" duration="00:00:02.3591409" startTime="2026-06-25T08:18:36.8655550-05:00" endTime="2026-06-25T08:18:36.8655557-05:00" testType="13cdc9d9-ddb5-4fa4-a97d-d965ccfc6d4b" outcome="Passed" testListId="8c84fa94-04c1-424b-9868-57a2d4851a1d" relativeResultsDirectory="7c7f2972-d7b7-4579-b03e-c52257b498a2" />
    <UnitTestResult executionId="54133951-395e-450a-a667-29d19cf46b4c" testId="58205625-3ca2-dac3-d043-dfc3d30ad2d6" testName="Propia.Integration.Tests.DocumentosFlowTests.Resumen_modulo_devuelve_totales_correctos" computerName="BITCODEV1" duration="00:00:00.2967483" startTime="2026-06-25T08:17:19.9616219-05:00" endTime="2026-06-25T08:17:19.9616225-05:00" testType="13cdc9d9-ddb5-4fa4-a97d-d965ccfc6d4b" outcome="Passed" testListId="8c84fa94-04c1-424b-9868-57a2d4851a1d" relativeResultsDirectory="54133951-395e-450a-a667-29d19cf46b4c" />
    <UnitTestResult executionId="44625fe1-eb83-4ac9-b7b1-7192167e67fb" testId="3125b9e4-55c0-e093-f77e-b1a4b4aacdec" testName="Propia.Integration.Tests.UsuariosAccesosFlowTests.Invitacion_expirada_no_se_puede_aceptar" computerName="BITCODEV1" duration="00:00:00.3845332" startTime="2026-06-25T08:19:55.7487730-05:00" endTime="2026-06-25T08:19:55.7487736-05:00" testType="13cdc9d9-ddb5-4fa4-a97d-d965ccfc6d4b" outcome="Passed" testListId="8c84fa94-04c1-424b-9868-57a2d4851a1d" relativeResultsDirectory="44625fe1-eb83-4ac9-b7b1-7192167e67fb" />
    <UnitTestResult executionId="a7369d48-e77c-4200-a0ce-042b9d6a030e" testId="7bb24599-8f87-241b-5ee3-5304a8cb0697" testName="Propia.Integration.Tests.CapaUnoCierreFlowTests.Transferencia_ejecutar_corte_cambia_organizacion_y_marca_ejecutado" computerName="BITCODEV1" duration="00:00:01.2061476" startTime="2026-06-25T08:17:09.3928058-05:00" endTime="2026-06-25T08:17:09.3928064-05:00" testType="13cdc9d9-ddb5-4fa4-a97d-d965ccfc6d4b" outcome="Passed" testListId="8c84fa94-04c1-424b-9868-57a2d4851a1d" relativeResultsDirectory="a7369d48-e77c-4200-a0ce-042b9d6a030e" />
    <UnitTestResult executionId="d7928298-9788-4001-a1b6-0b25d8461d3e" testId="f2304682-d53d-4adc-4cee-177bad57447e" testName="Propia.Integration.Tests.DocumentosFlowTests.Crear_categoria_custom_del_tenant_funciona_y_es_editable" computerName="BITCODEV1" duration="00:00:00.2731696" startTime="2026-06-25T08:17:18.8773624-05:00" endTime="2026-06-25T08:17:18.8773629-05:00" testType="13cdc9d9-ddb5-4fa4-a97d-d965ccfc6d4b" outcome="Passed" testListId="8c84fa94-04c1-424b-9868-57a2d4851a1d" relativeResultsDirectory="d7928298-9788-4001-a1b6-0b25d8461d3e" />
    <UnitTestResult executionId="cbca279b-be09-4166-858c-4b727b1675f0" testId="b436ad32-1eb4-0ee2-873d-23349b51e3e7" testName="Propia.Integration.Tests.BillingFlowTests.Cambio_de_plan_se_registra_como_upgrade_o_downgrade_en_historial" computerName="BITCODEV1" duration="00:00:00.6855863" startTime="2026-06-25T08:17:03.7423521-05:00" endTime="2026-06-25T08:17:03.7423526-05:00" testType="13cdc9d9-ddb5-4fa4-a97d-d965ccfc6d4b" outcome="Passed" testListId="8c84fa94-04c1-424b-9868-57a2d4851a1d" relativeResultsDirectory="cbca279b-be09-4166-858c-4b727b1675f0" />
    <UnitTestResult executionId="e0a8be3e-e74d-4636-acb8-aec7484d7683" testId="63b5e84d-bf85-d655-7315-e134cac6a1ef" testName="Propia.Integration.Tests.ReportesFlowTests.Resumen_modulo_devuelve_totales_y_cuenta_compartidos" computerName="BITCODEV1" duration="00:00:00.4096086" startTime="2026-06-25T08:19:28.2855744-05:00" endTime="2026-06-25T08:19:28.2855753-05:00" testType="13cdc9d9-ddb5-4fa4-a97d-d965ccfc6d4b" outcome="Passed" testListId="8c84fa94-04c1-424b-9868-57a2d4851a1d" relativeResultsDirectory="e0a8be3e-e74d-4636-acb8-aec7484d7683" />
    <UnitTestResult executionId="fd1fa27b-18a3-4df1-ba26-84c213cb8591" testId="bd2c13bd-4c05-9c6b-d46b-02aef6b70c24" testName="Propia.Integration.Tests.AsambleaFlowTests.Crear_sesion_valida_titulo_y_al_menos_un_punto" computerName="BITCODEV1" duration="00:00:00.2713617" startTime="2026-06-25T08:16:53.6886410-05:00" endTime="2026-06-25T08:16:53.6886416-05:00" testType="13cdc9d9-ddb5-4fa4-a97d-d965ccfc6d4b" outcome="Passed" testListId="8c84fa94-04c1-424b-9868-57a2d4851a1d" relativeResultsDirectory="fd1fa27b-18a3-4df1-ba26-84c213cb8591" />
    <UnitTestResult executionId="e2c0b1ac-0fda-4d4f-95ac-0e8c45e7a7bf" testId="79f1897c-66de-e42c-f5c0-be84596ab74c" testName="Propia.Integration.Tests.PqrsdFlowTests.Comite_solo_para_Denuncia_resultado_sin_acuerdo_marca_via_interna_agotada" computerName="BITCODEV1" duration="00:00:06.0118186" startTime="2026-06-25T08:18:45.1675289-05:00" endTime="2026-06-25T08:18:45.1675305-05:00" testType="13cdc9d9-ddb5-4fa4-a97d-d965ccfc6d4b" outcome="Passed" testListId="8c84fa94-04c1-424b-9868-57a2d4851a1d" relativeResultsDirectory="e2c0b1ac-0fda-4d4f-95ac-0e8c45e7a7bf" />
    <UnitTestResult executionId="6f6941fd-0a8b-451c-910c-7bafd941a684" testId="751d749e-4d15-ba65-ce4d-5983542830f9" testName="Propia.Integration.Tests.CalendarioHabilFlowTests.SumarDiasHabiles_salta_sabado_y_domingo" computerName="BITCODEV1" duration="00:00:00.0234229" startTime="2026-06-25T08:17:07.5494047-05:00" endTime="2026-06-25T08:17:07.5494049-05:00" testType="13cdc9d9-ddb5-4fa4-a97d-d965ccfc6d4b" outcome="Passed" testListId="8c84fa94-04c1-424b-9868-57a2d4851a1d" relativeResultsDirectory="6f6941fd-0a8b-451c-910c-7bafd941a684" />
    <UnitTestResult executionId="1582dbf3-ecf8-4486-b725-01cf46f89a66" testId="e465f1e2-4aa3-5a02-15a9-da81a59c0776" testName="Propia.Integration.Tests.PorteriaFlowTests.RN10_registro_visita_append_only_trigger_sql_bloquea_update" computerName="BITCODEV1" duration="00:00:01.3870115" startTime="2026-06-25T08:18:14.8969294-05:00" endTime="2026-06-25T08:18:14.8969301-05:00" testType="13cdc9d9-ddb5-4fa4-a97d-d965ccfc6d4b" outcome="Passed" testListId="8c84fa94-04c1-424b-9868-57a2d4851a1d" relativeResultsDirectory="1582dbf3-ecf8-4486-b725-01cf46f89a66" />
    <UnitTestResult executionId="f22bcf29-300e-4436-80dd-9a85840fad4e" testId="da3a9cf1-66b5-e285-1063-76a0b9880141" testName="Propia.Integration.Tests.PresupuestoFlowTests.Motor_liquidacion_emite_un_renglon_por_unidad_con_snapshot_y_es_idempotente" computerName="BITCODEV1" duration="00:00:00.6083796" startTime="2026-06-25T08:19:26.2401367-05:00" endTime="2026-06-25T08:19:26.2401376-05:00" testType="13cdc9d9-ddb5-4fa4-a97d-d965ccfc6d4b" outcome="Passed" testListId="8c84fa94-04c1-424b-9868-57a2d4851a1d" relativeResultsDirectory="f22bcf29-300e-4436-80dd-9a85840fad4e" />
    <UnitTestResult executionId="3132275e-9532-4d08-9fe9-843b6b0a850b" testId="843fe744-a0a1-775b-6dd9-b42d7f8ef5ba" testName="Propia.Integration.Tests.TareasFlowTests.Cambiar_estado_a_Completada_marca_fecha_completada_y_registra_historial" computerName="BITCODEV1" duration="00:00:01.0327369" startTime="2026-06-25T08:19:54.0310600-05:00" endTime="2026-06-25T08:19:54.0310606-05:00" testType="13cdc9d9-ddb5-4fa4-a97d-d965ccfc6d4b" outcome="Passed" testListId="8c84fa94-04c1-424b-9868-57a2d4851a1d" relativeResultsDirectory="3132275e-9532-4d08-9fe9-843b6b0a850b" />
    <UnitTestResult executionId="c041ccf3-6b32-47f7-a5d3-758b90a33816" testId="86920391-f863-8eae-c46b-5e6bdca23f54" testName="Propia.Integration.Tests.PqrsdFlowTests.RN06_solo_una_inconformidad_por_expediente" computerName="BITCODEV1" duration="00:00:06.6272683" startTime="2026-06-25T08:18:34.5049767-05:00" endTime="2026-06-25T08:18:34.5049774-05:00" testType="13cdc9d9-ddb5-4fa4-a97d-d965ccfc6d4b" outcome="Passed" testListId="8c84fa94-04c1-424b-9868-57a2d4851a1d" relativeResultsDirectory="c041ccf3-6b32-47f7-a5d3-758b90a33816" />
    <UnitTestResult executionId="89964734-03aa-4ac4-a578-07ff3f545b3f" testId="fbc22b6d-91f2-d577-9c5d-eed5547b7bb0" testName="Propia.Integration.Tests.UsuariosAccesosFlowTests.Revocar_acceso_marca_inactivo_y_cierra_sesiones" computerName="BITCODEV1" duration="00:00:00.3181511" startTime="2026-06-25T08:19:54.9553563-05:00" endTime="2026-06-25T08:19:54.9553569-05:00" testType="13cdc9d9-ddb5-4fa4-a97d-d965ccfc6d4b" outcome="Passed" testListId="8c84fa94-04c1-424b-9868-57a2d4851a1d" relativeResultsDirectory="89964734-03aa-4ac4-a578-07ff3f545b3f" />
    <UnitTestResult executionId="0172e7bd-04fc-4af4-93e5-ecf528ea1281" testId="bc396ff7-96c6-7e56-0697-9403237bea6d" testName="Propia.Integration.Tests.PqrsdFlowTests.Historial_es_append_only_trigger_bloquea_update_y_delete" computerName="BITCODEV1" duration="00:00:01.1831052" startTime="2026-06-25T08:18:38.0501170-05:00" endTime="2026-06-25T08:18:38.0501175-05:00" testType="13cdc9d9-ddb5-4fa4-a97d-d965ccfc6d4b" outcome="Passed" testListId="8c84fa94-04c1-424b-9868-57a2d4851a1d" relativeResultsDirectory="0172e7bd-04fc-4af4-93e5-ecf528ea1281" />
    <UnitTestResult executionId="9ede4424-41f6-4421-bf67-b0e83313f0e1" testId="ce0ee16b-5ef6-a42e-6468-309bb559e3da" testName="Propia.Integration.Tests.MonitoriaFlowTests.ResolverIncidente_fija_causa_solucion_y_resueltoAt" computerName="BITCODEV1" duration="00:00:00.2248033" startTime="2026-06-25T08:17:48.4534007-05:00" endTime="2026-06-25T08:17:48.4534013-05:00" testType="13cdc9d9-ddb5-4fa4-a97d-d965ccfc6d4b" outcome="Passed" testListId="8c84fa94-04c1-424b-9868-57a2d4851a1d" relativeResultsDirectory="9ede4424-41f6-4421-bf67-b0e83313f0e1" />
    <UnitTestResult executionId="86097d28-49cd-4190-9368-ec3685c153b7" testId="06685bb4-4bec-2780-da1d-6ceb4c792ab9" testName="Propia.Integration.Tests.AuthFlowTests.Login_funcional_y_switch_tenant_cambia_el_tenant_en_el_token" computerName="BITCODEV1" duration="00:00:02.5245204" startTime="2026-06-25T08:17:01.1360484-05:00" endTime="2026-06-25T08:17:01.1360489-05:00" testType="13cdc9d9-ddb5-4fa4-a97d-d965ccfc6d4b" outcome="Passed" testListId="8c84fa94-04c1-424b-9868-57a2d4851a1d" relativeResultsDirectory="86097d28-49cd-4190-9368-ec3685c153b7" />
    <UnitTestResult executionId="07c4faf4-834a-4437-adf4-abee15918695" testId="0b3d66bb-eec2-4aa4-3371-fb969fde3277" testName="Propia.Integration.Tests.CarteraFlowTests.Condonacion_de_intereses_reduce_saldo_y_es_inmutable" computerName="BITCODEV1" duration="00:00:00.3954019" startTime="2026-06-25T08:17:13.3323864-05:00" endTime="2026-06-25T08:17:13.3323865-05:00" testType="13cdc9d9-ddb5-4fa4-a97d-d965ccfc6d4b" outcome="Passed" testListId="8c84fa94-04c1-424b-9868-57a2d4851a1d" relativeResultsDirectory="07c4faf4-834a-4437-adf4-abee15918695" />
    <UnitTestResult executionId="9522fa09-eca3-4c27-8751-ec0aede47ff8" testId="301e9aa9-cab8-101f-882a-3d2bd96f2708" testName="Propia.Integration.Tests.ComunicacionesFlowTests.Acuse_es_append_only_trigger_bloquea_update_y_delete" computerName="BITCODEV1" duration="00:00:00.2062016" startTime="2026-06-25T08:17:15.4077449-05:00" endTime="2026-06-25T08:17:15.4077451-05:00" testType="13cdc9d9-ddb5-4fa4-a97d-d965ccfc6d4b" outcome="Passed" testListId="8c84fa94-04c1-424b-9868-57a2d4851a1d" relativeResultsDirectory="9522fa09-eca3-4c27-8751-ec0aede47ff8" />
    <UnitTestResult executionId="093c6d71-b811-403a-8198-13a125983375" testId="75b3bb63-690d-a9ec-af0f-7d1e3d0b2481" testName="Propia.Integration.Tests.CapaUnoCierreFlowTests.Calendario_config_se_crea_por_default_y_persiste" computerName="BITCODEV1" duration="00:00:00.1811251" startTime="2026-06-25T08:17:09.8448592-05:00" endTime="2026-06-25T08:17:09.8448598-05:00" testType="13cdc9d9-ddb5-4fa4-a97d-d965ccfc6d4b" outcome="Passed" testListId="8c84fa94-04c1-424b-9868-57a2d4851a1d" relativeResultsDirectory="093c6d71-b811-403a-8198-13a125983375" />
    <UnitTestResult executionId="35c83e56-5ce5-4c54-9de7-3f8ad397b294" testId="31e383f2-707c-4807-95c9-a947708307ef" testName="Propia.Integration.Tests.NotificacionesFlowTests.Resolucion_destino_desde_persona_obtiene_email" computerName="BITCODEV1" duration="00:00:00.1106626" startTime="2026-06-25T08:17:51.8271546-05:00" endTime="2026-06-25T08:17:51.8271553-05:00" testType="13cdc9d9-ddb5-4fa4-a97d-d965ccfc6d4b" outcome="Passed" testListId="8c84fa94-04c1-424b-9868-57a2d4851a1d" relativeResultsDirectory="35c83e56-5ce5-4c54-9de7-3f8ad397b294" />
    <UnitTestResult executionId="127e400b-8e68-45b7-b034-c66cf7f0151a" testId="7e3f2574-9b7f-c107-1975-b9d6985f3bdb" testName="Propia.Integration.Tests.ReservasFlowTests.RN05_no_doble_reserva_en_misma_franja" computerName="BITCODEV1" duration="00:00:00.3135053" startTime="2026-06-25T08:19:32.2955108-05:00" endTime="2026-06-25T08:19:32.2955116-05:00" testType="13cdc9d9-ddb5-4fa4-a97d-d965ccfc6d4b" outcome="Passed" testListId="8c84fa94-04c1-424b-9868-57a2d4851a1d" relativeResultsDirectory="127e400b-8e68-45b7-b034-c66cf7f0151a" />
    <UnitTestResult executionId="e05bf18d-3f38-4085-86bb-eda1a62f7387" testId="6204a37b-16e8-e8da-7626-26ec2ae5387b" testName="Propia.Integration.Tests.BillingFlowTests.No_se_puede_desactivar_plan_con_suscripciones_activas" computerName="BITCODEV1" duration="00:00:00.2592441" startTime="2026-06-25T08:17:04.5929842-05:00" endTime="2026-06-25T08:17:04.5929845-05:00" testType="13cdc9d9-ddb5-4fa4-a97d-d965ccfc6d4b" outcome="Passed" testListId="8c84fa94-04c1-424b-9868-57a2d4851a1d" relativeResultsDirectory="e05bf18d-3f38-4085-86bb-eda1a62f7387" />
    <UnitTestResult executionId="1c546ca3-4c9d-47e6-afa8-b04dcd909deb" testId="bed8a801-8bdb-486c-26b4-a0e1a179c995" testName="Propia.Integration.Tests.SuperAdminMfaFlowTests.MFA_verify_login_con_ticket_falso_retorna_401" computerName="BITCODEV1" duration="00:00:00.0538946" startTime="2026-06-25T08:19:42.2443926-05:00" endTime="2026-06-25T08:19:42.2443930-05:00" testType="13cdc9d9-ddb5-4fa4-a97d-d965ccfc6d4b" outcome="Passed" testListId="8c84fa94-04c1-424b-9868-57a2d4851a1d" relativeResultsDirectory="1c546ca3-4c9d-47e6-afa8-b04dcd909deb" />
    <UnitTestResult executionId="f168c667-f47b-4aa1-b974-a573330ab701" testId="dcded54e-2f52-1659-52f9-b6f156c06a23" testName="Propia.Integration.Tests.TareasFlowTests.Dependencias_agregar_listar_y_remover" computerName="BITCODEV1" duration="00:00:02.0776108" startTime="2026-06-25T08:19:48.3427392-05:00" endTime="2026-06-25T08:19:48.3427400-05:00" testType="13cdc9d9-ddb5-4fa4-a97d-d965ccfc6d4b" outcome="Passed" testListId="8c84fa94-04c1-424b-9868-57a2d4851a1d" relativeResultsDirectory="f168c667-f47b-4aa1-b974-a573330ab701" />
    <UnitTestResult executionId="79efa2a8-5ee1-456e-afab-4a0ba0d76e0d" testId="0f3b7247-4f31-8183-ab5f-20d89b36b233" testName="Propia.Integration.Tests.AsambleaFlowTests.Ciclo_completo_borrador_citada_encurso_cerrada_con_acta_borrador" computerName="BITCODEV1" duration="00:00:00.9914496" startTime="2026-06-25T08:16:53.4150623-05:00" endTime="2026-06-25T08:16:53.4150629-05:00" testType="13cdc9d9-ddb5-4fa4-a97d-d965ccfc6d4b" outcome="Passed" testListId="8c84fa94-04c1-424b-9868-57a2d4851a1d" relativeResultsDirectory="79efa2a8-5ee1-456e-afab-4a0ba0d76e0d" />
    <UnitTestResult executionId="711d3e50-38b7-4764-8a39-e8dd833b43ca" testId="b95aa2d7-9558-084f-8281-38ec3ecf34a0" testName="Propia.Integration.Tests.PqrsdFlowTests.Reserva_de_identidad_solo_aplica_a_Denuncia_RN02" computerName="BITCODEV1" duration="00:00:01.0938698" startTime="2026-06-25T08:18:39.1459338-05:00" endTime="2026-06-25T08:18:39.1459344-05:00" testType="13cdc9d9-ddb5-4fa4-a97d-d965ccfc6d4b" outcome="Passed" testListId="8c84fa94-04c1-424b-9868-57a2d4851a1d" relativeResultsDirectory="711d3e50-38b7-4764-8a39-e8dd833b43ca" />
    <UnitTestResult executionId="9f0f520e-864a-4c84-87a1-cda08ba07c4c" testId="f96b6d81-1279-609e-1431-9dda155d7b2b" testName="Propia.Integration.Tests.MiCopropiedadFlowTests.Eliminar_torre_la_quita_del_listado" computerName="BITCODEV1" duration="00:00:00.1540370" startTime="2026-06-25T08:17:34.1138037-05:00" endTime="2026-06-25T08:17:34.1138042-05:00" testType="13cdc9d9-ddb5-4fa4-a97d-d965ccfc6d4b" outcome="Passed" testListId="8c84fa94-04c1-424b-9868-57a2d4851a1d" relativeResultsDirectory="9f0f520e-864a-4c84-87a1-cda08ba07c4c" />
    <UnitTestResult executionId="6a79d379-48ad-4c8e-920f-8ba301a05aaf" testId="1c5de4cb-1c8f-97d2-263b-580bfb1129a2" testName="Propia.Integration.Tests.PorteriaFlowTests.Vehiculo_autorizado_reconocido_en_registro" computerName="BITCODEV1" duration="00:00:02.9114143" startTime="2026-06-25T08:18:20.4776018-05:00" endTime="2026-06-25T08:18:20.4776027-05:00" testType="13cdc9d9-ddb5-4fa4-a97d-d965ccfc6d4b" outcome="Passed" testListId="8c84fa94-04c1-424b-9868-57a2d4851a1d" relativeResultsDirectory="6a79d379-48ad-4c8e-920f-8ba301a05aaf" />
    <UnitTestResult executionId="a796de6c-5636-4ba4-bf67-325295f32cc5" testId="bf435b85-a089-539e-7254-f7d82962ad7b" testName="Propia.Integration.Tests.NotificacionesFlowTests.Idempotencia_misma_entidad_origen_y_destinatario_no_duplica" computerName="BITCODEV1" duration="00:00:00.1386828" startTime="2026-06-25T08:17:51.9676731-05:00" endTime="2026-06-25T08:17:51.9676738-05:00" testType="13cdc9d9-ddb5-4fa4-a97d-d965ccfc6d4b" outcome="Passed" testListId="8c84fa94-04c1-424b-9868-57a2d4851a1d" relativeResultsDirectory="a796de6c-5636-4ba4-bf67-325295f32cc5" />
    <UnitTestResult executionId="8b0e3c42-d0c6-4146-b8c8-6a3320e3fe52" testId="801cc299-bcbf-6564-3651-5539b25235ae" testName="Propia.Integration.Tests.CarteraFlowTests.PazSalvo_Pleno_se_emite_si_saldo_es_cero" computerName="BITCODEV1" duration="00:00:00.9857334" startTime="2026-06-25T08:17:11.9609901-05:00" endTime="2026-06-25T08:17:11.9609907-05:00" testType="13cdc9d9-ddb5-4fa4-a97d-d965ccfc6d4b" outcome="Passed" testListId="8c84fa94-04c1-424b-9868-57a2d4851a1d" relativeResultsDirectory="8b0e3c42-d0c6-4146-b8c8-6a3320e3fe52" />
    <UnitTestResult executionId="34f34793-397f-4b96-be23-75f4be71c3fd" testId="9c9a4032-192d-ad7d-c0a1-deeebd0d9e07" testName="Propia.Integration.Tests.CapaUnoCierreFlowTests.Calendario_token_ical_se_genera_y_regenera_distinto" computerName="BITCODEV1" duration="00:00:00.1902391" startTime="2026-06-25T08:17:10.0384728-05:00" endTime="2026-06-25T08:17:10.0384732-05:00" testType="13cdc9d9-ddb5-4fa4-a97d-d965ccfc6d4b" outcome="Passed" testListId="8c84fa94-04c1-424b-9868-57a2d4851a1d" relativeResultsDirectory="34f34793-397f-4b96-be23-75f4be71c3fd" />
    <UnitTestResult executionId="bbfa1855-1e5f-4beb-87bf-f89c7077a42e" testId="d3ccae90-0f92-eacf-141b-200b664756c5" testName="Propia.Integration.Tests.AsambleaFlowTests.Log_de_quorum_es_append_only_trigger_bloquea_update_delete" computerName="BITCODEV1" duration="00:00:00.3592384" startTime="2026-06-25T08:16:56.0238262-05:00" endTime="2026-06-25T08:16:56.0238264-05:00" testType="13cdc9d9-ddb5-4fa4-a97d-d965ccfc6d4b" outcome="Passed" testListId="8c84fa94-04c1-424b-9868-57a2d4851a1d" relativeResultsDirectory="bbfa1855-1e5f-4beb-87bf-f89c7077a42e" />
    <UnitTestResult executionId="97248731-bd0e-4e07-aabb-2ecade71ff8d" testId="5ff15901-6a1c-aaa7-fcaf-1d947c090cff" testName="Propia.Integration.Tests.PorteriaFlowTests.RN05_revocar_autorizacion_marca_codigos_revocados" computerName="BITCODEV1" duration="00:00:01.5137064" startTime="2026-06-25T08:18:21.9919277-05:00" endTime="2026-06-25T08:18:21.9919284-05:00" testType="13cdc9d9-ddb5-4fa4-a97d-d965ccfc6d4b" outcome="Passed" testListId="8c84fa94-04c1-424b-9868-57a2d4851a1d" relativeResultsDirectory="97248731-bd0e-4e07-aabb-2ecade71ff8d" />
    <UnitTestResult executionId="ec3a19be-4904-4d2b-b1df-dc2dd793890a" testId="e53de15d-0e27-5762-66f1-8823503f16f5" testName="Propia.Integration.Tests.MiCopropiedadFlowTests.Generador_inteligente_crea_torres_y_unidades_en_transaccion" computerName="BITCODEV1" duration="00:00:01.3590771" startTime="2026-06-25T08:17:37.2506182-05:00" endTime="2026-06-25T08:17:37.2506189-05:00" testType="13cdc9d9-ddb5-4fa4-a97d-d965ccfc6d4b" outcome="Passed" testListId="8c84fa94-04c1-424b-9868-57a2d4851a1d" relativeResultsDirectory="ec3a19be-4904-4d2b-b1df-dc2dd793890a" />
    <UnitTestResult executionId="763f3a17-3afe-4e5a-9881-ff84f9aa3e46" testId="1a46a607-3c49-5503-1d87-69594095a3fb" testName="Propia.Integration.Tests.TareasFlowTests.Tarea_padre_e_hijos_se_relacionan_y_la_ficha_lista_subtareas" computerName="BITCODEV1" duration="00:00:01.4280846" startTime="2026-06-25T08:19:52.9899111-05:00" endTime="2026-06-25T08:19:52.9899115-05:00" testType="13cdc9d9-ddb5-4fa4-a97d-d965ccfc6d4b" outcome="Passed" testListId="8c84fa94-04c1-424b-9868-57a2d4851a1d" relativeResultsDirectory="763f3a17-3afe-4e5a-9881-ff84f9aa3e46" />
    <UnitTestResult executionId="aa377aab-1adc-40c0-83b8-ce04cb45941e" testId="64555ff7-7fd0-4114-f137-cabd9c67c079" testName="Propia.Integration.Tests.CarteraFlowTests.Cambiar_estado_unidad_requiere_motivo_y_registra_historial" computerName="BITCODEV1" duration="00:00:00.2893271" startTime="2026-06-25T08:17:13.6227382-05:00" endTime="2026-06-25T08:17:13.6227384-05:00" testType="13cdc9d9-ddb5-4fa4-a97d-d965ccfc6d4b" outcome="Passed" testListId="8c84fa94-04c1-424b-9868-57a2d4851a1d" relativeResultsDirectory="aa377aab-1adc-40c0-83b8-ce04cb45941e" />
    <UnitTestResult executionId="3da8aa5d-1ec1-41c4-9063-6f961ef0bcbb" testId="51b527ae-7ae9-5c75-d992-3f97bf8acd4c" testName="Propia.Integration.Tests.UsuariosAccesosFlowTests.Administrador_no_puede_perder_permiso_de_usuarios_accesos" computerName="BITCODEV1" duration="00:00:00.1747780" startTime="2026-06-25T08:19:54.4886816-05:00" endTime="2026-06-25T08:19:54.4886824-05:00" testType="13cdc9d9-ddb5-4fa4-a97d-d965ccfc6d4b" outcome="Passed" testListId="8c84fa94-04c1-424b-9868-57a2d4851a1d" relativeResultsDirectory="3da8aa5d-1ec1-41c4-9063-6f961ef0bcbb" />
    <UnitTestResult executionId="7e56813f-9dda-410a-a1f8-94ffc205c338" testId="e77ed093-9b92-0337-ace8-bd066bc70f47" testName="Propia.Integration.Tests.PresupuestoFlowTests.Fondo_imprevistos_no_se_puede_desactivar_pero_advertencia_minimo_1pct_es_solo_calculo" computerName="BITCODEV1" duration="00:00:01.2165922" startTime="2026-06-25T08:19:25.1233728-05:00" endTime="2026-06-25T08:19:25.1233735-05:00" testType="13cdc9d9-ddb5-4fa4-a97d-d965ccfc6d4b" outcome="Passed" testListId="8c84fa94-04c1-424b-9868-57a2d4851a1d" relativeResultsDirectory="7e56813f-9dda-410a-a1f8-94ffc205c338" />
    <UnitTestResult executionId="8f68b77f-5100-4d0d-a3e5-b8416b7ba197" testId="0b273c25-b73d-bf8f-cf56-54ebd6a8e5de" testName="Propia.Integration.Tests.EquipoOrgFlowTests.RN06_Cargo_con_colaboradores_activos_no_se_puede_eliminar" computerName="BITCODEV1" duration="00:00:00.1652274" startTime="2026-06-25T08:17:23.6841160-05:00" endTime="2026-06-25T08:17:23.6841166-05:00" testType="13cdc9d9-ddb5-4fa4-a97d-d965ccfc6d4b" outcome="Passed" testListId="8c84fa94-04c1-424b-9868-57a2d4851a1d" relativeResultsDirectory="8f68b77f-5100-4d0d-a3e5-b8416b7ba197" />
    <UnitTestResult executionId="10651938-2625-4079-a282-d0fbd533f1b0" testId="dd674341-df1d-768d-41ed-6c7b6c5dfe89" testName="Propia.Integration.Tests.SuperAdminFlowTests.Token_de_usuario_normal_sin_claim_is_super_admin_retorna_403" computerName="BITCODEV1" duration="00:00:00.8595860" startTime="2026-06-25T08:19:37.2349229-05:00" endTime="2026-06-25T08:19:37.2349233-05:00" testType="13cdc9d9-ddb5-4fa4-a97d-d965ccfc6d4b" outcome="Passed" testListId="8c84fa94-04c1-424b-9868-57a2d4851a1d" relativeResultsDirectory="10651938-2625-4079-a282-d0fbd533f1b0" />
    <UnitTestResult executionId="24a7ffbe-6570-4f7f-9863-07778e51cbf9" testId="0e876dec-a729-8311-dfdc-b312b58504da" testName="Propia.Integration.Tests.MiCopropiedadFlowTests.Tenant_no_ve_torres_de_otro_tenant_via_RLS" computerName="BITCODEV1" duration="00:00:01.1876255" startTime="2026-06-25T08:17:45.1256966-05:00" endTime="2026-06-25T08:17:45.1256972-05:00" testType="13cdc9d9-ddb5-4fa4-a97d-d965ccfc6d4b" outcome="Passed" testListId="8c84fa94-04c1-424b-9868-57a2d4851a1d" relativeResultsDirectory="24a7ffbe-6570-4f7f-9863-07778e51cbf9" />
    <UnitTestResult executionId="2a8ff217-86af-4077-b600-d7dc3d187c37" testId="b1b464bf-64d6-5564-5e73-14b040f7d241" testName="Propia.Integration.Tests.ReservasFlowTests.RN12_reglamento_requerido_no_aceptado_falla" computerName="BITCODEV1" duration="00:00:00.1763441" startTime="2026-06-25T08:19:34.5103029-05:00" endTime="2026-06-25T08:19:34.5103035-05:00" testType="13cdc9d9-ddb5-4fa4-a97d-d965ccfc6d4b" outcome="Passed" testListId="8c84fa94-04c1-424b-9868-57a2d4851a1d" relativeResultsDirectory="2a8ff217-86af-4077-b600-d7dc3d187c37" />
    <UnitTestResult executionId="39616dd7-6e78-4f6b-a6b3-47640d7ac971" testId="1bb60fee-7b83-28f1-8053-c40710589dbc" testName="Propia.Integration.Tests.MantenimientoFlowTests.Crear_plan_preventivo_inicializa_proxima_ejecucion_en_fecha_inicio" computerName="BITCODEV1" duration="00:00:00.2504985" startTime="2026-06-25T08:17:32.4737744-05:00" endTime="2026-06-25T08:17:32.4737750-05:00" testType="13cdc9d9-ddb5-4fa4-a97d-d965ccfc6d4b" outcome="Passed" testListId="8c84fa94-04c1-424b-9868-57a2d4851a1d" relativeResultsDirectory="39616dd7-6e78-4f6b-a6b3-47640d7ac971" />
    <UnitTestResult executionId="1084cc12-9273-47fe-9697-e7e16eb77f15" testId="d94be884-972e-57a9-c55b-0d740c2fb8ed" testName="Propia.Integration.Tests.EquipoOrgFlowTests.Asignar_a_todas_crea_una_asignacion_por_cada_PH_de_la_organizacion" computerName="BITCODEV1" duration="00:00:00.3025204" startTime="2026-06-25T08:17:24.9531366-05:00" endTime="2026-06-25T08:17:24.9531372-05:00" testType="13cdc9d9-ddb5-4fa4-a97d-d965ccfc6d4b" outcome="Passed" testListId="8c84fa94-04c1-424b-9868-57a2d4851a1d" relativeResultsDirectory="1084cc12-9273-47fe-9697-e7e16eb77f15" />
    <UnitTestResult executionId="54acd06a-c966-4f9f-9db3-892cfcf4b295" testId="cf215c82-a6f7-2b47-b8b4-1a46c4186e6d" testName="Propia.Integration.Tests.MiCopropiedadFlowTests.Importar_csv_valido_crea_unidades_y_torre_nueva" computerName="BITCODEV1" duration="00:00:00.4837627" startTime="2026-06-25T08:17:43.9199421-05:00" endTime="2026-06-25T08:17:43.9199426-05:00" testType="13cdc9d9-ddb5-4fa4-a97d-d965ccfc6d4b" outcome="Passed" testListId="8c84fa94-04c1-424b-9868-57a2d4851a1d" relativeResultsDirectory="54acd06a-c966-4f9f-9db3-892cfcf4b295" />
    <UnitTestResult executionId="869a02a2-f0da-4692-9dea-36309eb158c4" testId="cd28d9a2-9e47-e677-df7b-fa0f38505c4a" testName="Propia.Integration.Tests.ReservasFlowTests.Galeria_solo_devuelve_zonas_reservable_true" computerName="BITCODEV1" duration="00:00:00.2098073" startTime="2026-06-25T08:19:33.8786203-05:00" endTime="2026-06-25T08:19:33.8786210-05:00" testType="13cdc9d9-ddb5-4fa4-a97d-d965ccfc6d4b" outcome="Passed" testListId="8c84fa94-04c1-424b-9868-57a2d4851a1d" relativeResultsDirectory="869a02a2-f0da-4692-9dea-36309eb158c4" />
    <UnitTestResult executionId="c095e6aa-f78e-44d6-ae6d-7b6ffdd9d886" testId="343db78f-6642-2cef-fc03-270024a3086d" testName="Propia.Integration.Tests.EquipoOrgFlowTests.Agregar_colaborador_nuevo_crea_persona_y_lo_vincula_RN01" computerName="BITCODEV1" duration="00:00:01.1351663" startTime="2026-06-25T08:17:22.9817936-05:00" endTime="2026-06-25T08:17:22.9817941-05:00" testType="13cdc9d9-ddb5-4fa4-a97d-d965ccfc6d4b" outcome="Passed" testListId="8c84fa94-04c1-424b-9868-57a2d4851a1d" relativeResultsDirectory="c095e6aa-f78e-44d6-ae6d-7b6ffdd9d886" />
    <UnitTestResult executionId="ffebe28a-01ed-4db5-b14f-3463ecf0f3b3" testId="df6a4ab5-f8a8-c055-9df3-db9ac2f6b604" testName="Propia.Integration.Tests.DirectorioFlowTests.Inactivar_vinculo_lo_marca_como_inactivo_con_fecha_y_motivo" computerName="BITCODEV1" duration="00:00:00.2067008" startTime="2026-06-25T08:17:18.5843669-05:00" endTime="2026-06-25T08:17:18.5843675-05:00" testType="13cdc9d9-ddb5-4fa4-a97d-d965ccfc6d4b" outcome="Passed" testListId="8c84fa94-04c1-424b-9868-57a2d4851a1d" relativeResultsDirectory="ffebe28a-01ed-4db5-b14f-3463ecf0f3b3" />
    <UnitTestResult executionId="b41d1543-704a-4ad8-8919-a091995dc65a" testId="546a6633-8318-e983-6fe6-6c372ddef705" testName="Propia.Integration.Tests.MiCopropiedadFlowTests.Identidad_registral_y_labels_personalizables_persisten" computerName="BITCODEV1" duration="00:00:00.2035554" startTime="2026-06-25T08:17:39.6538234-05:00" endTime="2026-06-25T08:17:39.6538241-05:00" testType="13cdc9d9-ddb5-4fa4-a97d-d965ccfc6d4b" outcome="Passed" testListId="8c84fa94-04c1-424b-9868-57a2d4851a1d" relativeResultsDirectory="b41d1543-704a-4ad8-8919-a091995dc65a" />
    <UnitTestResult executionId="07549750-6cde-42ce-8a27-6b0634efddb1" testId="1799d7bd-c431-61ba-495b-5748e389931c" testName="Propia.Integration.Tests.ComunicacionesFlowTests.Crear_borrador_valida_longitudes_minimas_de_asunto_y_cuerpo" computerName="BITCODEV1" duration="00:00:00.0572707" startTime="2026-06-25T08:17:15.4656966-05:00" endTime="2026-06-25T08:17:15.4656969-05:00" testType="13cdc9d9-ddb5-4fa4-a97d-d965ccfc6d4b" outcome="Passed" testListId="8c84fa94-04c1-424b-9868-57a2d4851a1d" relativeResultsDirectory="07549750-6cde-42ce-8a27-6b0634efddb1" />
    <UnitTestResult executionId="fa94b566-3f63-4d77-859e-164f47b6f8df" testId="5fe688e1-e8aa-a9b9-175a-97dfa441e86b" testName="Propia.Integration.Tests.TareasFlowTests.Dependencias_misma_tarea_falla" computerName="BITCODEV1" duration="00:00:00.4787896" startTime="2026-06-25T08:19:45.6477764-05:00" endTime="2026-06-25T08:19:45.6477769-05:00" testType="13cdc9d9-ddb5-4fa4-a97d-d965ccfc6d4b" outcome="Passed" testListId="8c84fa94-04c1-424b-9868-57a2d4851a1d" relativeResultsDirectory="fa94b566-3f63-4d77-859e-164f47b6f8df" />
    <UnitTestResult executionId="ccc411af-4fa9-493c-ac2c-3fe660c0b1bb" testId="aaf18e37-b0f1-8aa8-a113-efc75a13f0bd" testName="Propia.Integration.Tests.CarteraFlowTests.Sincronizar_desde_presupuesto_genera_deuda_y_cartera_unidad" computerName="BITCODEV1" duration="00:00:00.2462247" startTime="2026-06-25T08:17:13.9476216-05:00" endTime="2026-06-25T08:17:13.9476220-05:00" testType="13cdc9d9-ddb5-4fa4-a97d-d965ccfc6d4b" outcome="Passed" testListId="8c84fa94-04c1-424b-9868-57a2d4851a1d" relativeResultsDirectory="ccc411af-4fa9-493c-ac2c-3fe660c0b1bb" />
    <UnitTestResult executionId="58c5307d-d096-4f71-90fe-112433b22c87" testId="f8b899df-8e0d-e4ed-8c78-afbd5bc52ab0" testName="Propia.Integration.Tests.DirectorioFlowTests.Tenant_B_no_ve_vinculos_de_tenant_A_via_RLS" computerName="BITCODEV1" duration="00:00:00.2397367" startTime="2026-06-25T08:17:16.7696168-05:00" endTime="2026-06-25T08:17:16.7696172-05:00" testType="13cdc9d9-ddb5-4fa4-a97d-d965ccfc6d4b" outcome="Passed" testListId="8c84fa94-04c1-424b-9868-57a2d4851a1d" relativeResultsDirectory="58c5307d-d096-4f71-90fe-112433b22c87" />
    <UnitTestResult executionId="785b4f31-bf79-4152-9283-bc95accbd1fd" testId="8310225c-98e1-c7ed-8192-b18464161cda" testName="Propia.Integration.Tests.EquipoOrgFlowTests.Persona_existente_se_vincula_sin_duplicar" computerName="BITCODEV1" duration="00:00:00.1089349" startTime="2026-06-25T08:17:23.5160106-05:00" endTime="2026-06-25T08:17:23.5160110-05:00" testType="13cdc9d9-ddb5-4fa4-a97d-d965ccfc6d4b" outcome="Passed" testListId="8c84fa94-04c1-424b-9868-57a2d4851a1d" relativeResultsDirectory="785b4f31-bf79-4152-9283-bc95accbd1fd" />
    <UnitTestResult executionId="229df2c7-ea21-468f-82c1-d1eeb03258cd" testId="253c746c-dfcd-de6b-6375-36cca834c02e" testName="Propia.Integration.Tests.EquipoOrgFlowTests.Override_individual_de_permiso_gana_sobre_plantilla_del_cargo" computerName="BITCODEV1" duration="00:00:00.7470245" startTime="2026-06-25T08:17:24.4320232-05:00" endTime="2026-06-25T08:17:24.4320238-05:00" testType="13cdc9d9-ddb5-4fa4-a97d-d965ccfc6d4b" outcome="Passed" testListId="8c84fa94-04c1-424b-9868-57a2d4851a1d" relativeResultsDirectory="229df2c7-ea21-468f-82c1-d1eeb03258cd" />
    <UnitTestResult executionId="58561063-897c-4712-a16b-e0a62bfe7f0f" testId="8cc0500b-4388-a532-1a31-59fa0214c4b3" testName="Propia.Integration.Tests.TareasFlowTests.Bulk_cambiar_prioridad_aplica_en_lote" computerName="BITCODEV1" duration="00:00:00.6804083" startTime="2026-06-25T08:19:45.1924849-05:00" endTime="2026-06-25T08:19:45.1924855-05:00" testType="13cdc9d9-ddb5-4fa4-a97d-d965ccfc6d4b" outcome="Passed" testListId="8c84fa94-04c1-424b-9868-57a2d4851a1d" relativeResultsDirectory="58561063-897c-4712-a16b-e0a62bfe7f0f" />
    <UnitTestResult executionId="462d5207-497c-4860-af39-3658d339d2b2" testId="945119df-8f01-4a7a-761d-b7460f789664" testName="Propia.Integration.Tests.DocumentosFlowTests.Categoria_base_no_es_editable_ni_desactivable_RN12" computerName="BITCODEV1" duration="00:00:00.1445896" startTime="2026-06-25T08:17:21.0935917-05:00" endTime="2026-06-25T08:17:21.0935923-05:00" testType="13cdc9d9-ddb5-4fa4-a97d-d965ccfc6d4b" outcome="Passed" testListId="8c84fa94-04c1-424b-9868-57a2d4851a1d" relativeResultsDirectory="462d5207-497c-4860-af39-3658d339d2b2" />
    <UnitTestResult executionId="de5ba146-3a03-4a35-b44c-89862598d072" testId="22cb772b-2eb0-5e21-a7bc-b008becfaee4" testName="Propia.Integration.Tests.DocumentosFlowTests.Eliminar_documento_es_soft_delete_RN01" computerName="BITCODEV1" duration="00:00:00.4207726" startTime="2026-06-25T08:17:20.9448244-05:00" endTime="2026-06-25T08:17:20.9448251-05:00" testType="13cdc9d9-ddb5-4fa4-a97d-d965ccfc6d4b" outcome="Passed" testListId="8c84fa94-04c1-424b-9868-57a2d4851a1d" relativeResultsDirectory="de5ba146-3a03-4a35-b44c-89862598d072" />
    <UnitTestResult executionId="363e61c5-2bf7-4cfd-9ff2-2e5fbd849e0e" testId="10159d18-cda6-d267-ca5f-00a2bf80f242" testName="Propia.Integration.Tests.DirectorioFlowTests.Crear_empresa_sin_DV_lo_calcula_automaticamente" computerName="BITCODEV1" duration="00:00:00.1660548" startTime="2026-06-25T08:17:17.2691142-05:00" endTime="2026-06-25T08:17:17.2691147-05:00" testType="13cdc9d9-ddb5-4fa4-a97d-d965ccfc6d4b" outcome="Passed" testListId="8c84fa94-04c1-424b-9868-57a2d4851a1d" relativeResultsDirectory="363e61c5-2bf7-4cfd-9ff2-2e5fbd849e0e" />
    <UnitTestResult executionId="e5c94eb1-d210-4346-8029-eaadedd81d4d" testId="7f036b0f-7991-9760-49ee-115d22bc928a" testName="Propia.Integration.Tests.BackgroundJobsFlowTests.Tick_NO_re_ejecuta_job_si_aun_no_paso_FrecuenciaMinutos" computerName="BITCODEV1" duration="00:00:00.3036418" startTime="2026-06-25T08:17:01.9566386-05:00" endTime="2026-06-25T08:17:01.9566390-05:00" testType="13cdc9d9-ddb5-4fa4-a97d-d965ccfc6d4b" outcome="Passed" testListId="8c84fa94-04c1-424b-9868-57a2d4851a1d" relativeResultsDirectory="e5c94eb1-d210-4346-8029-eaadedd81d4d" />
    <UnitTestResult executionId="d8d6b2eb-7282-4beb-85ed-4452fd9b41ae" testId="92628afa-1b40-f8e0-7479-70341693944d" testName="Propia.Integration.Tests.MonitoriaFlowTests.CambiarEstado_a_resuelto_setea_resueltoAt_si_estaba_null" computerName="BITCODEV1" duration="00:00:00.2272856" startTime="2026-06-25T08:17:48.7840663-05:00" endTime="2026-06-25T08:17:48.7840671-05:00" testType="13cdc9d9-ddb5-4fa4-a97d-d965ccfc6d4b" outcome="Passed" testListId="8c84fa94-04c1-424b-9868-57a2d4851a1d" relativeResultsDirectory="d8d6b2eb-7282-4beb-85ed-4452fd9b41ae" />
    <UnitTestResult executionId="7159884b-50b5-4c5f-b28a-563bc03c131f" testId="2d0a1588-d412-2a79-0aa5-3b3a70c9a4d5" testName="Propia.Integration.Tests.CalendarioHabilFlowTests.SumarDiasHabiles_salta_festivo" computerName="BITCODEV1" duration="00:00:00.0835668" startTime="2026-06-25T08:17:07.4047190-05:00" endTime="2026-06-25T08:17:07.4047197-05:00" testType="13cdc9d9-ddb5-4fa4-a97d-d965ccfc6d4b" outcome="Passed" testListId="8c84fa94-04c1-424b-9868-57a2d4851a1d" relativeResultsDirectory="7159884b-50b5-4c5f-b28a-563bc03c131f" />
    <UnitTestResult executionId="b8c47d6d-8e55-457b-bb42-127c366ba9c9" testId="17cc24d9-8348-2291-1af6-5af762d26615" testName="Propia.Integration.Tests.MantenimientoFlowTests.Codigo_intervencion_es_secuencial_dentro_del_tenant_RN15" computerName="BITCODEV1" duration="00:00:02.7411594" startTime="2026-06-25T08:17:28.0005249-05:00" endTime="2026-06-25T08:17:28.0005254-05:00" testType="13cdc9d9-ddb5-4fa4-a97d-d965ccfc6d4b" outcome="Passed" testListId="8c84fa94-04c1-424b-9868-57a2d4851a1d" relativeResultsDirectory="b8c47d6d-8e55-457b-bb42-127c366ba9c9" />
    <UnitTestResult executionId="1fd94000-fc62-4abe-a8b6-78ea38c61198" testId="cf014149-e268-412d-e0d7-b29e1a8dc51c" testName="Propia.Integration.Tests.NotificacionesFlowTests.Resumen_cuenta_correctamente_por_estado" computerName="BITCODEV1" duration="00:00:00.2491905" startTime="2026-06-25T08:17:51.5735123-05:00" endTime="2026-06-25T08:17:51.5735131-05:00" testType="13cdc9d9-ddb5-4fa4-a97d-d965ccfc6d4b" outcome="Passed" testListId="8c84fa94-04c1-424b-9868-57a2d4851a1d" relativeResultsDirectory="1fd94000-fc62-4abe-a8b6-78ea38c61198" />
    <UnitTestResult executionId="19c1b44d-41ff-47d2-85f8-cbc3bb1bcae1" testId="c67aac50-132d-f6c2-3bc2-fbf71b833c75" testName="Propia.Integration.Tests.DocumentosFlowTests.Auditoria_es_append_only_trigger_bloquea_update_RN15" computerName="BITCODEV1" duration="00:00:00.1855304" startTime="2026-06-25T08:17:21.8421722-05:00" endTime="2026-06-25T08:17:21.8421727-05:00" testType="13cdc9d9-ddb5-4fa4-a97d-d965ccfc6d4b" outcome="Passed" testListId="8c84fa94-04c1-424b-9868-57a2d4851a1d" relativeResultsDirectory="19c1b44d-41ff-47d2-85f8-cbc3bb1bcae1" />
    <UnitTestResult executionId="9c812098-6406-40f7-b420-7777f18d9327" testId="8f703482-adbd-2d21-01e2-0dfa381bedae" testName="Propia.Integration.Tests.ReservasFlowTests.RN06_duracion_fuera_de_rango_falla" computerName="BITCODEV1" duration="00:00:00.3257592" startTime="2026-06-25T08:19:33.6672167-05:00" endTime="2026-06-25T08:19:33.6672170-05:00" testType="13cdc9d9-ddb5-4fa4-a97d-d965ccfc6d4b" outcome="Passed" testListId="8c84fa94-04c1-424b-9868-57a2d4851a1d" relativeResultsDirectory="9c812098-6406-40f7-b420-7777f18d9327" />
    <UnitTestResult executionId="2321c030-a3c7-459a-ae16-ab263cb55aab" testId="2adf87d7-d4b1-69a3-67d2-8024c9c54363" testName="Propia.Integration.Tests.MantenimientoFlowTests.Cerrar_requiere_bitacora_validacion_seccion16" computerName="BITCODEV1" duration="00:00:00.3567022" startTime="2026-06-25T08:17:32.2205969-05:00" endTime="2026-06-25T08:17:32.2205993-05:00" testType="13cdc9d9-ddb5-4fa4-a97d-d965ccfc6d4b" outcome="Passed" testListId="8c84fa94-04c1-424b-9868-57a2d4851a1d" relativeResultsDirectory="2321c030-a3c7-459a-ae16-ab263cb55aab" />
    <UnitTestResult executionId="445b580d-59d6-46f0-95dc-b3ac9f58828b" testId="e2b656f5-9f13-0392-eaff-e441ba6d8bfa" testName="Propia.Integration.Tests.PqrsdFlowTests.Radicar_genera_numero_secuencial_PQRS_YYYY" computerName="BITCODEV1" duration="00:00:04.1212647" startTime="2026-06-25T08:18:27.8599526-05:00" endTime="2026-06-25T08:18:27.8599532-05:00" testType="13cdc9d9-ddb5-4fa4-a97d-d965ccfc6d4b" outcome="Passed" testListId="8c84fa94-04c1-424b-9868-57a2d4851a1d" relativeResultsDirectory="445b580d-59d6-46f0-95dc-b3ac9f58828b" />
    <UnitTestResult executionId="3e7d70c8-54fa-4737-9a58-6c872e46ec66" testId="37a2d956-f58f-2fcc-7f89-78a120dee2e5" testName="Propia.Integration.Tests.MonitoriaFlowTests.GetResumen_devuelve_counters_consistentes" computerName="BITCODEV1" duration="00:00:00.2044677" startTime="2026-06-25T08:17:48.2271253-05:00" endTime="2026-06-25T08:17:48.2271259-05:00" testType="13cdc9d9-ddb5-4fa4-a97d-d965ccfc6d4b" outcome="Passed" testListId="8c84fa94-04c1-424b-9868-57a2d4851a1d" relativeResultsDirectory="3e7d70c8-54fa-4737-9a58-6c872e46ec66" />
    <UnitTestResult executionId="c86fdb89-03fa-4f25-83b0-b2d335245d48" testId="6d059e51-a058-4a95-5379-f9a255b051ab" testName="Propia.Integration.Tests.DirectorioFlowTests.Crear_persona_con_documento_duplicado_falla" computerName="BITCODEV1" duration="00:00:00.0420376" startTime="2026-06-25T08:17:18.3078834-05:00" endTime="2026-06-25T08:17:18.3078841-05:00" testType="13cdc9d9-ddb5-4fa4-a97d-d965ccfc6d4b" outcome="Passed" testListId="8c84fa94-04c1-424b-9868-57a2d4851a1d" relativeResultsDirectory="c86fdb89-03fa-4f25-83b0-b2d335245d48" />
    <UnitTestResult executionId="ec7338cf-7719-445d-ae86-5c95e2d3c99d" testId="42974020-7806-dc28-d853-299a8d673bd1" testName="Propia.Integration.Tests.CarteraFlowTests.Crear_acuerdo_pasa_a_borrador_luego_pendiente_luego_vigente" computerName="BITCODEV1" duration="00:00:00.9736324" startTime="2026-06-25T08:17:12.9357750-05:00" endTime="2026-06-25T08:17:12.9357757-05:00" testType="13cdc9d9-ddb5-4fa4-a97d-d965ccfc6d4b" outcome="Passed" testListId="8c84fa94-04c1-424b-9868-57a2d4851a1d" relativeResultsDirectory="ec7338cf-7719-445d-ae86-5c95e2d3c99d" />
    <UnitTestResult executionId="2cf0b234-6b2a-4e2a-b494-5c2faad57e94" testId="a474fd50-957e-6416-ce4e-2329d0d68a4b" testName="Propia.Integration.Tests.UsuariosAccesosFlowTests.Matriz_Administrador_tiene_todos_los_permisos_habilitados_a_nivel_copropiedad" computerName="BITCODEV1" duration="00:00:00.0948508" startTime="2026-06-25T08:19:56.0968520-05:00" endTime="2026-06-25T08:19:56.0968529-05:00" testType="13cdc9d9-ddb5-4fa4-a97d-d965ccfc6d4b" outcome="Passed" testListId="8c84fa94-04c1-424b-9868-57a2d4851a1d" relativeResultsDirectory="2cf0b234-6b2a-4e2a-b494-5c2faad57e94" />
    <UnitTestResult executionId="fd650549-8d25-4502-b8a6-441fb697dc68" testId="b04fd183-1397-c399-e920-2f9a74e7f002" testName="Propia.Integration.Tests.SuperAdminMfaFlowTests.MFA_verify_login_con_codigo_invalido_retorna_401" computerName="BITCODEV1" duration="00:00:00.6751102" startTime="2026-06-25T08:19:43.4041951-05:00" endTime="2026-06-25T08:19:43.4041955-05:00" testType="13cdc9d9-ddb5-4fa4-a97d-d965ccfc6d4b" outcome="Passed" testListId="8c84fa94-04c1-424b-9868-57a2d4851a1d" relativeResultsDirectory="fd650549-8d25-4502-b8a6-441fb697dc68" />
    <UnitTestResult executionId="1124a81e-7ac7-46a5-b6a3-10082d96e409" testId="3b149f45-7432-cd9b-b96b-35a6f29500c2" testName="Propia.Integration.Tests.UsuariosAccesosFlowTests.Auditoria_es_append_only_no_acepta_delete_ni_update" computerName="BITCODEV1" duration="00:00:00.1359900" startTime="2026-06-25T08:19:54.6264194-05:00" endTime="2026-06-25T08:19:54.6264199-05:00" testType="13cdc9d9-ddb5-4fa4-a97d-d965ccfc6d4b" outcome="Passed" testListId="8c84fa94-04c1-424b-9868-57a2d4851a1d" relativeResultsDirectory="1124a81e-7ac7-46a5-b6a3-10082d96e409" />
    <UnitTestResult executionId="96f0e808-b66e-4df6-a567-97248b79ec70" testId="23f26a65-61c9-d0eb-12b7-6bc915ac9739" testName="Propia.Integration.Tests.PqrsdFlowTests.Seed_lazy_crea_9_categorias_y_8_plazos_base" computerName="BITCODEV1" duration="00:00:00.7667351" startTime="2026-06-25T08:18:23.7310110-05:00" endTime="2026-06-25T08:18:23.7310118-05:00" testType="13cdc9d9-ddb5-4fa4-a97d-d965ccfc6d4b" outcome="Passed" testListId="8c84fa94-04c1-424b-9868-57a2d4851a1d" relativeResultsDirectory="96f0e808-b66e-4df6-a567-97248b79ec70" />
    <UnitTestResult executionId="a9ebf7c7-b3b8-4c73-8333-eee8ca53f487" testId="304dbeb9-f34a-f4b4-d22c-2c87126a2403" testName="Propia.Integration.Tests.NotificacionesFlowTests.InApp_marcar_leido_actualiza_estado_y_fecha" computerName="BITCODEV1" duration="00:00:00.9544837" startTime="2026-06-25T08:17:50.6765468-05:00" endTime="2026-06-25T08:17:50.6765475-05:00" testType="13cdc9d9-ddb5-4fa4-a97d-d965ccfc6d4b" outcome="Passed" testListId="8c84fa94-04c1-424b-9868-57a2d4851a1d" relativeResultsDirectory="a9ebf7c7-b3b8-4c73-8333-eee8ca53f487" />
    <UnitTestResult executionId="a4bc62b3-047d-476f-8f79-c690cd29e74c" testId="aa0c60b9-a8fe-d4f7-f6c3-17769baea14f" testName="Propia.Integration.Tests.DocumentosFlowTests.Nueva_version_incrementa_numero_y_conserva_historial_RN13" computerName="BITCODEV1" duration="00:00:00.2533108" startTime="2026-06-25T08:17:20.2157295-05:00" endTime="2026-06-25T08:17:20.2157299-05:00" testType="13cdc9d9-ddb5-4fa4-a97d-d965ccfc6d4b" outcome="Passed" testListId="8c84fa94-04c1-424b-9868-57a2d4851a1d" relativeResultsDirectory="a4bc62b3-047d-476f-8f79-c690cd29e74c" />
    <UnitTestResult executionId="d9360a0d-cc70-490e-b3f3-8d36b0d834f9" testId="fb5db4fe-4eaf-fe66-ea89-c295da9ece0c" testName="Propia.Integration.Tests.BackgroundJobsFlowTests.EjecutarUno_persiste_resultado_serializado" computerName="BITCODEV1" duration="00:00:00.1293628" startTime="2026-06-25T08:17:02.0871438-05:00" endTime="2026-06-25T08:17:02.0871441-05:00" testType="13cdc9d9-ddb5-4fa4-a97d-d965ccfc6d4b" outcome="Passed" testListId="8c84fa94-04c1-424b-9868-57a2d4851a1d" relativeResultsDirectory="d9360a0d-cc70-490e-b3f3-8d36b0d834f9" />
    <UnitTestResult executionId="5cfac6e7-1432-41c1-9cc8-e04ebdbc979d" testId="aebf983a-2e27-d7bb-6065-6af9702366f2" testName="Propia.Integration.Tests.MantenimientoFlowTests.Cerrar_preventivo_recalcula_proxima_ejecucion" computerName="BITCODEV1" duration="00:00:01.1375183" startTime="2026-06-25T08:17:29.8185440-05:00" endTime="2026-06-25T08:17:29.8185445-05:00" testType="13cdc9d9-ddb5-4fa4-a97d-d965ccfc6d4b" outcome="Passed" testListId="8c84fa94-04c1-424b-9868-57a2d4851a1d" relativeResultsDirectory="5cfac6e7-1432-41c1-9cc8-e04ebdbc979d" />
    <UnitTestResult executionId="d9cd1df3-1e2c-4eee-b061-f7bb645f9db3" testId="472a92e2-8b20-080d-6816-f9b17bc776d6" testName="Propia.Integration.Tests.PorteriaFlowTests.Abrir_turno_y_RN01_bloquea_segundo_turno_activo" computerName="BITCODEV1" duration="00:00:01.3241439" startTime="2026-06-25T08:18:16.2223253-05:00" endTime="2026-06-25T08:18:16.2223259-05:00" testType="13cdc9d9-ddb5-4fa4-a97d-d965ccfc6d4b" outcome="Passed" testListId="8c84fa94-04c1-424b-9868-57a2d4851a1d" relativeResultsDirectory="d9cd1df3-1e2c-4eee-b061-f7bb645f9db3" />
    <UnitTestResult executionId="88bdba3e-18f0-4668-af95-599c2264ccc1" testId="cb675ad1-6828-14da-8c78-a9b5d58456a5" testName="Propia.Integration.Tests.PqrsdMantenimientoFlowTests.No_cierra_si_ventana_inconformidad_aun_vigente" computerName="BITCODEV1" duration="00:00:00.8342451" startTime="2026-06-25T08:19:00.6567371-05:00" endTime="2026-06-25T08:19:00.6567380-05:00" testType="13cdc9d9-ddb5-4fa4-a97d-d965ccfc6d4b" outcome="Passed" testListId="8c84fa94-04c1-424b-9868-57a2d4851a1d" relativeResultsDirectory="88bdba3e-18f0-4668-af95-599c2264ccc1" />
    <UnitTestResult executionId="605f80fc-5edd-487e-bdde-b057368eb12e" testId="512cea03-12a1-4072-7c04-e33391128fea" testName="Propia.Integration.Tests.CapaUnoCierreFlowTests.Reportes_consolidados_crear_y_generar_devuelve_resultado" computerName="BITCODEV1" duration="00:00:00.5884597" startTime="2026-06-25T08:17:10.6285760-05:00" endTime="2026-06-25T08:17:10.6285767-05:00" testType="13cdc9d9-ddb5-4fa4-a97d-d965ccfc6d4b" outcome="Passed" testListId="8c84fa94-04c1-424b-9868-57a2d4851a1d" relativeResultsDirectory="605f80fc-5edd-487e-bdde-b057368eb12e" />
    <UnitTestResult executionId="0269f62a-26d0-45ff-b951-216c40bcf092" testId="e9e3d787-15f0-1d29-bb16-ace66a137f3b" testName="Propia.Integration.Tests.CapaUnoCierreFlowTests.Transferencia_escenario_A_inicia_y_avanza_a_pendiente_aprobacion" computerName="BITCODEV1" duration="00:00:00.1041842" startTime="2026-06-25T08:17:10.7793286-05:00" endTime="2026-06-25T08:17:10.7793293-05:00" testType="13cdc9d9-ddb5-4fa4-a97d-d965ccfc6d4b" outcome="Passed" testListId="8c84fa94-04c1-424b-9868-57a2d4851a1d" relativeResultsDirectory="0269f62a-26d0-45ff-b951-216c40bcf092" />
    <UnitTestResult executionId="c5a1f8c9-24d4-4573-84b7-d90314545549" testId="f1149623-59de-0ffc-e063-d0cc9bbe81d8" testName="Propia.Integration.Tests.MantenimientoFlowTests.Bitacora_es_append_only_trigger_bloquea_update_y_delete_RN06" computerName="BITCODEV1" duration="00:00:00.7172936" startTime="2026-06-25T08:17:31.1713384-05:00" endTime="2026-06-25T08:17:31.1713390-05:00" testType="13cdc9d9-ddb5-4fa4-a97d-d965ccfc6d4b" outcome="Passed" testListId="8c84fa94-04c1-424b-9868-57a2d4851a1d" relativeResultsDirectory="c5a1f8c9-24d4-4573-84b7-d90314545549" />
    <UnitTestResult executionId="759d0440-1591-431c-95a3-0f5f2259e36b" testId="3b1a1822-b7e0-885d-184b-2d410b781b27" testName="Propia.Integration.Tests.MiCopropiedadFlowTests.Designar_nuevo_revisor_fiscal_retira_al_anterior" computerName="BITCODEV1" duration="00:00:01.0440464" startTime="2026-06-25T08:17:47.1372265-05:00" endTime="2026-06-25T08:17:47.1372270-05:00" testType="13cdc9d9-ddb5-4fa4-a97d-d965ccfc6d4b" outcome="Passed" testListId="8c84fa94-04c1-424b-9868-57a2d4851a1d" relativeResultsDirectory="759d0440-1591-431c-95a3-0f5f2259e36b" />
    <UnitTestResult executionId="d8227731-6793-4a29-a973-9823aec0edb9" testId="0d2706d6-a16c-cf2f-a1fb-bf2e1b2f48f6" testName="Propia.Integration.Tests.TenantIsolationTests.SuperAdminLog_es_inmutable_no_acepta_update_ni_delete" computerName="BITCODEV1" duration="00:00:00.1029427" startTime="2026-06-25T08:19:54.1346516-05:00" endTime="2026-06-25T08:19:54.1346522-05:00" testType="13cdc9d9-ddb5-4fa4-a97d-d965ccfc6d4b" outcome="Passed" testListId="8c84fa94-04c1-424b-9868-57a2d4851a1d" relativeResultsDirectory="d8227731-6793-4a29-a973-9823aec0edb9" />
    <UnitTestResult executionId="47263972-db12-4c42-bcbb-ea36d8a36088" testId="9e8db21b-c691-f3d9-747b-24024075bbec" testName="Propia.Integration.Tests.UsuariosAccesosFlowTests.Invitar_y_aceptar_crea_ApplicationUser_y_activa_vinculo" computerName="BITCODEV1" duration="00:00:00.7749149" startTime="2026-06-25T08:19:56.8727836-05:00" endTime="2026-06-25T08:19:56.8727843-05:00" testType="13cdc9d9-ddb5-4fa4-a97d-d965ccfc6d4b" outcome="Passed" testListId="8c84fa94-04c1-424b-9868-57a2d4851a1d" relativeResultsDirectory="47263972-db12-4c42-bcbb-ea36d8a36088" />
    <UnitTestResult executionId="89d9d319-a11c-43a8-8442-0eecad4820b4" testId="5a5cb9f8-1d3c-d4ae-fab5-6da522e84984" testName="Propia.Integration.Tests.TenantIsolationTests.RLS_bloquea_inserts_con_tenant_id_distinto_al_de_sesion" computerName="BITCODEV1" duration="00:00:00.1012421" startTime="2026-06-25T08:19:54.2369638-05:00" endTime="2026-06-25T08:19:54.2369644-05:00" testType="13cdc9d9-ddb5-4fa4-a97d-d965ccfc6d4b" outcome="Passed" testListId="8c84fa94-04c1-424b-9868-57a2d4851a1d" relativeResultsDirectory="89d9d319-a11c-43a8-8442-0eecad4820b4" />
    <UnitTestResult executionId="80dc7053-a965-407a-981a-431f89870d0e" testId="579e9ca5-e144-3e53-2397-5492a0221f1b" testName="Propia.Integration.Tests.UsuariosAccesosFlowTests.No_se_puede_revocar_al_ultimo_Administrador" computerName="BITCODEV1" duration="00:00:00.0506700" startTime="2026-06-25T08:19:55.0072806-05:00" endTime="2026-06-25T08:19:55.0072812-05:00" testType="13cdc9d9-ddb5-4fa4-a97d-d965ccfc6d4b" outcome="Passed" testListId="8c84fa94-04c1-424b-9868-57a2d4851a1d" relativeResultsDirectory="80dc7053-a965-407a-981a-431f89870d0e" />
    <UnitTestResult executionId="e654fe61-95d1-411e-93fe-7c732b940ecc" testId="871f1e0f-3299-077d-bf47-fcfc9b6d3b27" testName="Propia.Integration.Tests.ReportesFlowTests.Compartir_con_consejo_solo_aplica_a_reporte_listo_RN05" computerName="BITCODEV1" duration="00:00:00.2799725" startTime="2026-06-25T08:19:27.4567927-05:00" endTime="2026-06-25T08:19:27.4567930-05:00" testType="13cdc9d9-ddb5-4fa4-a97d-d965ccfc6d4b" outcome="Passed" testListId="8c84fa94-04c1-424b-9868-57a2d4851a1d" relativeResultsDirectory="e654fe61-95d1-411e-93fe-7c732b940ecc" />
    <UnitTestResult executionId="57039502-d446-4863-b81f-2bd524368dfa" testId="0820609a-bdd1-bfe7-b460-12e1733bf7be" testName="Propia.Integration.Tests.ReservasFlowTests.Disponibilidad_devuelve_slots_con_estados_correctos" computerName="BITCODEV1" duration="00:00:00.4522486" startTime="2026-06-25T08:19:34.3318834-05:00" endTime="2026-06-25T08:19:34.3318837-05:00" testType="13cdc9d9-ddb5-4fa4-a97d-d965ccfc6d4b" outcome="Passed" testListId="8c84fa94-04c1-424b-9868-57a2d4851a1d" relativeResultsDirectory="57039502-d446-4863-b81f-2bd524368dfa" />
    <UnitTestResult executionId="51b8ca56-72cf-430c-999e-8c9e45716d73" testId="fed34ddf-d378-024e-47ea-e48aef0ec5fe" testName="Propia.Integration.Tests.AsambleaFlowTests.Firmar_acta_genera_hash_SHA256_y_la_marca_inmutable" computerName="BITCODEV1" duration="00:00:01.0495708" startTime="2026-06-25T08:16:54.7415066-05:00" endTime="2026-06-25T08:16:54.7415072-05:00" testType="13cdc9d9-ddb5-4fa4-a97d-d965ccfc6d4b" outcome="Passed" testListId="8c84fa94-04c1-424b-9868-57a2d4851a1d" relativeResultsDirectory="51b8ca56-72cf-430c-999e-8c9e45716d73" />
    <UnitTestResult executionId="468eee38-eeb6-4260-a095-2d78d31574a1" testId="9bcaa15e-1a9a-88c5-d904-48b89391afca" testName="Propia.Integration.Tests.TareasFlowTests.Historial_es_append_only_trigger_bloquea_update_y_delete" computerName="BITCODEV1" duration="00:00:00.6129841" startTime="2026-06-25T08:19:46.2621207-05:00" endTime="2026-06-25T08:19:46.2621217-05:00" testType="13cdc9d9-ddb5-4fa4-a97d-d965ccfc6d4b" outcome="Passed" testListId="8c84fa94-04c1-424b-9868-57a2d4851a1d" relativeResultsDirectory="468eee38-eeb6-4260-a095-2d78d31574a1" />
    <UnitTestResult executionId="3d000fe3-5a82-4c59-8e0b-6e8c998a3c3c" testId="0025aeb1-5cf3-da8a-2926-20d4943589f7" testName="Propia.Integration.Tests.SuperAdminFlowTests.Flujo_completo_SuperAdmin_login_crear_tenant_cambiar_estado_y_ver_log" computerName="BITCODEV1" duration="00:00:00.9085885" startTime="2026-06-25T08:19:40.1856177-05:00" endTime="2026-06-25T08:19:40.1856181-05:00" testType="13cdc9d9-ddb5-4fa4-a97d-d965ccfc6d4b" outcome="Passed" testListId="8c84fa94-04c1-424b-9868-57a2d4851a1d" relativeResultsDirectory="3d000fe3-5a82-4c59-8e0b-6e8c998a3c3c" />
    <UnitTestResult executionId="a8dfd999-692c-4207-a41e-bb3212b04f9c" testId="e409f743-870d-b953-b5ef-62cbb6392364" testName="Propia.Integration.Tests.PorteriaFlowTests.RN03_codigo_usado_no_se_puede_reusar" computerName="BITCODEV1" duration="00:00:04.7011400" startTime="2026-06-25T08:18:02.1342529-05:00" endTime="2026-06-25T08:18:02.1342535-05:00" testType="13cdc9d9-ddb5-4fa4-a97d-d965ccfc6d4b" outcome="Passed" testListId="8c84fa94-04c1-424b-9868-57a2d4851a1d" relativeResultsDirectory="a8dfd999-692c-4207-a41e-bb3212b04f9c" />
    <UnitTestResult executionId="f57a875f-6c6d-4e59-9473-fff891691783" testId="59eecee0-2f40-6adb-9abe-d814dbca1180" testName="Propia.Integration.Tests.DirectorioFlowTests.Crear_empresa_con_DV_incorrecto_falla" computerName="BITCODEV1" duration="00:00:00.0158173" startTime="2026-06-25T08:17:18.6012822-05:00" endTime="2026-06-25T08:17:18.6012828-05:00" testType="13cdc9d9-ddb5-4fa4-a97d-d965ccfc6d4b" outcome="Passed" testListId="8c84fa94-04c1-424b-9868-57a2d4851a1d" relativeResultsDirectory="f57a875f-6c6d-4e59-9473-fff891691783" />
    <UnitTestResult executionId="2d11e30e-8308-420a-87f8-ca6c3077a56b" testId="bd751eb1-7077-31c3-b883-c7e7fb52922e" testName="Propia.Integration.Tests.ReportesFlowTests.Generar_con_periodo_invertido_falla_validacion" computerName="BITCODEV1" duration="00:00:00.0958668" startTime="2026-06-25T08:19:30.6094165-05:00" endTime="2026-06-25T08:19:30.6094174-05:00" testType="13cdc9d9-ddb5-4fa4-a97d-d965ccfc6d4b" outcome="Passed" testListId="8c84fa94-04c1-424b-9868-57a2d4851a1d" relativeResultsDirectory="2d11e30e-8308-420a-87f8-ca6c3077a56b" />
    <UnitTestResult executionId="180d4a3c-5d5b-4839-81c9-727375e70a27" testId="6890f301-8dee-2251-0e06-e1edf3a3bd91" testName="Propia.Integration.Tests.ComunicacionesFlowTests.Comunicado_Enviado_no_se_puede_editar_RN04_trigger_inmutabilidad" computerName="BITCODEV1" duration="00:00:00.6218448" startTime="2026-06-25T08:17:14.7672370-05:00" endTime="2026-06-25T08:17:14.7672371-05:00" testType="13cdc9d9-ddb5-4fa4-a97d-d965ccfc6d4b" outcome="Passed" testListId="8c84fa94-04c1-424b-9868-57a2d4851a1d" relativeResultsDirectory="180d4a3c-5d5b-4839-81c9-727375e70a27" />
    <UnitTestResult executionId="7fdc089c-67a0-468b-b486-56c8a9064d64" testId="1051accc-6ba2-ef7b-2739-e2a8465b7404" testName="Propia.Integration.Tests.BillingFlowTests.SuscripcionHistorial_es_inmutable_no_acepta_update_ni_delete" computerName="BITCODEV1" duration="00:00:00.2811730" startTime="2026-06-25T08:17:07.3154099-05:00" endTime="2026-06-25T08:17:07.3154103-05:00" testType="13cdc9d9-ddb5-4fa4-a97d-d965ccfc6d4b" outcome="Passed" testListId="8c84fa94-04c1-424b-9868-57a2d4851a1d" relativeResultsDirectory="7fdc089c-67a0-468b-b486-56c8a9064d64" />
    <UnitTestResult executionId="f07b0288-88c7-451c-90ef-f42696d428e4" testId="993474a6-71ab-b3d0-9df1-0a9c722a3062" testName="Propia.Integration.Tests.UsuariosAccesosFlowTests.Crear_rol_personalizado_copiando_de_otro_clona_la_matriz" computerName="BITCODEV1" duration="00:00:00.3543446" startTime="2026-06-25T08:19:55.3631473-05:00" endTime="2026-06-25T08:19:55.3631477-05:00" testType="13cdc9d9-ddb5-4fa4-a97d-d965ccfc6d4b" outcome="Passed" testListId="8c84fa94-04c1-424b-9868-57a2d4851a1d" relativeResultsDirectory="f07b0288-88c7-451c-90ef-f42696d428e4" />
    <UnitTestResult executionId="7d4369d0-c608-494d-9d58-95e5812eb6f8" testId="f4fc0d8b-1422-a202-0b9c-e0fe6ecc7d61" testName="Propia.Integration.Tests.AuthFlowTests.Login_con_password_invalido_retorna_401" computerName="BITCODEV1" duration="00:00:02.5428281" startTime="2026-06-25T08:16:58.6054773-05:00" endTime="2026-06-25T08:16:58.6054777-05:00" testType="13cdc9d9-ddb5-4fa4-a97d-d965ccfc6d4b" outcome="Passed" testListId="8c84fa94-04c1-424b-9868-57a2d4851a1d" relativeResultsDirectory="7d4369d0-c608-494d-9d58-95e5812eb6f8" />
    <UnitTestResult executionId="79d2ccc2-8aa3-45a2-9b35-bc2f78c81970" testId="fa88401a-c58e-3f44-e095-ec3334e874bc" testName="Propia.Integration.Tests.TareasFlowTests.Numero_es_unico_y_secuencial_dentro_del_tenant" computerName="BITCODEV1" duration="00:00:00.9073152" startTime="2026-06-25T08:19:51.5579428-05:00" endTime="2026-06-25T08:19:51.5579450-05:00" testType="13cdc9d9-ddb5-4fa4-a97d-d965ccfc6d4b" outcome="Passed" testListId="8c84fa94-04c1-424b-9868-57a2d4851a1d" relativeResultsDirectory="79d2ccc2-8aa3-45a2-9b35-bc2f78c81970" />
    <UnitTestResult executionId="0a03e527-2db6-4d01-a34c-3801eea12cef" testId="80a837e0-cafb-35ba-72bc-9acb9bb00db1" testName="Propia.Integration.Tests.ReportesFlowTests.Generar_crea_historial_con_resultado_y_url_expiracion" computerName="BITCODEV1" duration="00:00:00.2633725" startTime="2026-06-25T08:19:29.8080065-05:00" endTime="2026-06-25T08:19:29.8080071-05:00" testType="13cdc9d9-ddb5-4fa4-a97d-d965ccfc6d4b" outcome="Passed" testListId="8c84fa94-04c1-424b-9868-57a2d4851a1d" relativeResultsDirectory="0a03e527-2db6-4d01-a34c-3801eea12cef" />
    <UnitTestResult executionId="81f4a559-9676-48a1-af6a-99b1853173b8" testId="048e659e-6684-510e-e7f3-075ee689c4c0" testName="Propia.Integration.Tests.AsambleaFlowTests.Citar_registra_participantes_desde_unidades_del_tenant" computerName="BITCODEV1" duration="00:00:00.9235781" startTime="2026-06-25T08:16:52.4200606-05:00" endTime="2026-06-25T08:16:52.4200611-05:00" testType="13cdc9d9-ddb5-4fa4-a97d-d965ccfc6d4b" outcome="Passed" testListId="8c84fa94-04c1-424b-9868-57a2d4851a1d" relativeResultsDirectory="81f4a559-9676-48a1-af6a-99b1853173b8" />
    <UnitTestResult executionId="61f211b7-270c-42d9-9175-e45b88a290c6" testId="265966d3-2f2f-e975-5e31-2716b6237875" testName="Propia.Integration.Tests.ComunicacionesFlowTests.Reenvio_a_pendientes_no_crea_nuevo_comunicado_RN07" computerName="BITCODEV1" duration="00:00:00.3044214" startTime="2026-06-25T08:17:16.1903904-05:00" endTime="2026-06-25T08:17:16.1903911-05:00" testType="13cdc9d9-ddb5-4fa4-a97d-d965ccfc6d4b" outcome="Passed" testListId="8c84fa94-04c1-424b-9868-57a2d4851a1d" relativeResultsDirectory="61f211b7-270c-42d9-9175-e45b88a290c6" />
    <UnitTestResult executionId="0fc7d4eb-dc25-47e5-a152-1d00453fe812" testId="d231c6cd-7359-882a-9cd4-d3ec8dcea2d7" testName="Propia.Integration.Tests.ReportesFlowTests.Transparencia_devuelve_solo_agregados_RN04" computerName="BITCODEV1" duration="00:00:00.2340168" startTime="2026-06-25T08:19:29.3101026-05:00" endTime="2026-06-25T08:19:29.3101033-05:00" testType="13cdc9d9-ddb5-4fa4-a97d-d965ccfc6d4b" outcome="Passed" testListId="8c84fa94-04c1-424b-9868-57a2d4851a1d" relativeResultsDirectory="0fc7d4eb-dc25-47e5-a152-1d00453fe812" />
    <UnitTestResult executionId="c48b629b-2326-438e-a2e5-4290ad8d8868" testId="104f5584-754d-cb8b-3f90-04657efc30f9" testName="Propia.Integration.Tests.MantenimientoFlowTests.Cancelar_requiere_motivo" computerName="BITCODEV1" duration="00:00:00.4473581" startTime="2026-06-25T08:17:31.8554581-05:00" endTime="2026-06-25T08:17:31.8554584-05:00" testType="13cdc9d9-ddb5-4fa4-a97d-d965ccfc6d4b" outcome="Passed" testListId="8c84fa94-04c1-424b-9868-57a2d4851a1d" relativeResultsDirectory="c48b629b-2326-438e-a2e5-4290ad8d8868" />
    <UnitTestResult executionId="f190c62b-a84b-4a19-8291-2e23393c28f3" testId="c26eb225-ff56-4e1c-306a-ac02f225dc58" testName="Propia.Integration.Tests.MiCopropiedadFlowTests.Importar_csv_con_duplicados_y_tipo_invalido_lista_errores_y_no_crea_nada" computerName="BITCODEV1" duration="00:00:00.2000944" startTime="2026-06-25T08:17:45.3282447-05:00" endTime="2026-06-25T08:17:45.3282456-05:00" testType="13cdc9d9-ddb5-4fa4-a97d-d965ccfc6d4b" outcome="Passed" testListId="8c84fa94-04c1-424b-9868-57a2d4851a1d" relativeResultsDirectory="f190c62b-a84b-4a19-8291-2e23393c28f3" />
    <UnitTestResult executionId="59dc0633-d21a-4689-b6a2-8856cce4a61e" testId="fd331f69-2600-e9ea-3b21-fa1a2ff2c739" testName="Propia.Integration.Tests.NotificacionesFlowTests.Envio_directo_con_destino_explicito_marca_enviado_y_persiste" computerName="BITCODEV1" duration="00:00:00.1405328" startTime="2026-06-25T08:17:51.7150774-05:00" endTime="2026-06-25T08:17:51.7150781-05:00" testType="13cdc9d9-ddb5-4fa4-a97d-d965ccfc6d4b" outcome="Passed" testListId="8c84fa94-04c1-424b-9868-57a2d4851a1d" relativeResultsDirectory="59dc0633-d21a-4689-b6a2-8856cce4a61e" />
    <UnitTestResult executionId="d66e375b-3c75-49af-8fe0-3f8d0b83ab73" testId="8702e826-4426-7bc9-c39d-d184c93e9e34" testName="Propia.Integration.Tests.SuperAdminMfaFlowTests.Flujo_completo_enroll_MFA_y_login_con_codigo_TOTP" computerName="BITCODEV1" duration="00:00:00.6412123" startTime="2026-06-25T08:19:41.5913966-05:00" endTime="2026-06-25T08:19:41.5913970-05:00" testType="13cdc9d9-ddb5-4fa4-a97d-d965ccfc6d4b" outcome="Passed" testListId="8c84fa94-04c1-424b-9868-57a2d4851a1d" relativeResultsDirectory="d66e375b-3c75-49af-8fe0-3f8d0b83ab73" />
    <UnitTestResult executionId="70ac13c6-e7aa-4c4b-a74b-74f343f07ccc" testId="58991942-ae7d-3061-1826-7da8e2b3928c" testName="Propia.Integration.Tests.MiCopropiedadFlowTests.Agregar_miembros_consejo_marca_gobierno_completo_con_3_o_mas" computerName="BITCODEV1" duration="00:00:00.8993250" startTime="2026-06-25T08:17:43.4354465-05:00" endTime="2026-06-25T08:17:43.4354470-05:00" testType="13cdc9d9-ddb5-4fa4-a97d-d965ccfc6d4b" outcome="Passed" testListId="8c84fa94-04c1-424b-9868-57a2d4851a1d" relativeResultsDirectory="70ac13c6-e7aa-4c4b-a74b-74f343f07ccc" />
    <UnitTestResult executionId="6ffa9424-4458-4f8b-8e4e-1a8dbdb7cdea" testId="043b90f1-eb62-4ce9-b24e-c42dca77714a" testName="Propia.Integration.Tests.ReportesFlowTests.Programacion_valida_dia_canales_y_destinatarios" computerName="BITCODEV1" duration="00:00:00.1056785" startTime="2026-06-25T08:19:30.7170303-05:00" endTime="2026-06-25T08:19:30.7170311-05:00" testType="13cdc9d9-ddb5-4fa4-a97d-d965ccfc6d4b" outcome="Passed" testListId="8c84fa94-04c1-424b-9868-57a2d4851a1d" relativeResultsDirectory="6ffa9424-4458-4f8b-8e4e-1a8dbdb7cdea" />
    <UnitTestResult executionId="f25cd82e-4514-43c6-bc91-70e04d8c3460" testId="cfdfb478-cfc2-278f-6b49-f78492f07537" testName="Propia.Integration.Tests.MiCopropiedadFlowTests.Crear_tipo_unidad_custom_se_lista_y_no_permite_duplicados" computerName="BITCODEV1" duration="00:00:00.6941878" startTime="2026-06-25T08:17:34.8094901-05:00" endTime="2026-06-25T08:17:34.8094905-05:00" testType="13cdc9d9-ddb5-4fa4-a97d-d965ccfc6d4b" outcome="Passed" testListId="8c84fa94-04c1-424b-9868-57a2d4851a1d" relativeResultsDirectory="f25cd82e-4514-43c6-bc91-70e04d8c3460" />
    <UnitTestResult executionId="e5d0de9c-21eb-42ce-be8e-303a50968850" testId="f998507e-39d9-1fb3-b204-5035129bf5b5" testName="Propia.Integration.Tests.ReservasFlowTests.Tarifa_crea_reservaPago_pendiente" computerName="BITCODEV1" duration="00:00:00.4976195" startTime="2026-06-25T08:19:33.0237649-05:00" endTime="2026-06-25T08:19:33.0237653-05:00" testType="13cdc9d9-ddb5-4fa4-a97d-d965ccfc6d4b" outcome="Passed" testListId="8c84fa94-04c1-424b-9868-57a2d4851a1d" relativeResultsDirectory="e5d0de9c-21eb-42ce-be8e-303a50968850" />
    <UnitTestResult executionId="cb884b1f-6947-4607-a1a0-259b6b1bf47f" testId="b0ac1346-a083-c66e-14e0-5f76b1661c45" testName="Propia.Integration.Tests.NotificacionesFlowTests.Envio_lote_devuelve_N_resultados" computerName="BITCODEV1" duration="00:00:00.6271316" startTime="2026-06-25T08:17:51.3111013-05:00" endTime="2026-06-25T08:17:51.3111040-05:00" testType="13cdc9d9-ddb5-4fa4-a97d-d965ccfc6d4b" outcome="Passed" testListId="8c84fa94-04c1-424b-9868-57a2d4851a1d" relativeResultsDirectory="cb884b1f-6947-4607-a1a0-259b6b1bf47f" />
    <UnitTestResult executionId="9073e9af-f40c-4791-9440-b589adfa3627" testId="7bf9ed60-7b96-7abd-25af-1b312c0431f3" testName="Propia.Integration.Tests.EquipoOrgFlowTests.Catalogo_se_siembra_lazy_con_6_cargos_default_y_5_permisos_cada_uno" computerName="BITCODEV1" duration="00:00:00.2942705" startTime="2026-06-25T08:17:25.2487611-05:00" endTime="2026-06-25T08:17:25.2487617-05:00" testType="13cdc9d9-ddb5-4fa4-a97d-d965ccfc6d4b" outcome="Passed" testListId="8c84fa94-04c1-424b-9868-57a2d4851a1d" relativeResultsDirectory="9073e9af-f40c-4791-9440-b589adfa3627" />
    <UnitTestResult executionId="9f064611-e6d0-4fe2-8950-4a20da127828" testId="ac0f2299-e610-82ed-4f05-c56b163d7388" testName="Propia.Integration.Tests.DirectorioFlowTests.Catalogo_base_de_etiquetas_existe_tras_migracion" computerName="BITCODEV1" duration="00:00:00.0611250" startTime="2026-06-25T08:17:18.1824650-05:00" endTime="2026-06-25T08:17:18.1824657-05:00" testType="13cdc9d9-ddb5-4fa4-a97d-d965ccfc6d4b" outcome="Passed" testListId="8c84fa94-04c1-424b-9868-57a2d4851a1d" relativeResultsDirectory="9f064611-e6d0-4fe2-8950-4a20da127828" />
    <UnitTestResult executionId="694405de-ba6d-40c2-aa67-182ef298dd54" testId="8e2745e2-c59f-5eb5-8254-08f6f5df4c4e" testName="Propia.Integration.Tests.BackgroundJobsFlowTests.GetEstadoJobs_devuelve_jobs_registrados_con_ultima_ejecucion" computerName="BITCODEV1" duration="00:00:00.5125119" startTime="2026-06-25T08:17:01.6517965-05:00" endTime="2026-06-25T08:17:01.6517970-05:00" testType="13cdc9d9-ddb5-4fa4-a97d-d965ccfc6d4b" outcome="Passed" testListId="8c84fa94-04c1-424b-9868-57a2d4851a1d" relativeResultsDirectory="694405de-ba6d-40c2-aa67-182ef298dd54" />
    <UnitTestResult executionId="fb9ed6ca-401b-4dd7-96f8-b516e35428ea" testId="fd89a85a-5535-ebec-6fa8-48fda56547da" testName="Propia.Integration.Tests.PorteriaFlowTests.Configuracion_RN08_retencion_minima_365_dias" computerName="BITCODEV1" duration="00:00:00.4826805" startTime="2026-06-25T08:18:16.7120716-05:00" endTime="2026-06-25T08:18:16.7120724-05:00" testType="13cdc9d9-ddb5-4fa4-a97d-d965ccfc6d4b" outcome="Passed" testListId="8c84fa94-04c1-424b-9868-57a2d4851a1d" relativeResultsDirectory="fb9ed6ca-401b-4dd7-96f8-b516e35428ea" />
    <UnitTestResult executionId="de62ed38-46ad-47d0-b70b-976e54fd8eac" testId="dfff1374-cf0c-643b-e7b5-658f92bd6a83" testName="Propia.Integration.Tests.PorteriaFlowTests.RN13_semaforo_paquete_calcula_backend_segun_umbrales" computerName="BITCODEV1" duration="00:00:09.6859477" startTime="2026-06-25T08:18:11.8221011-05:00" endTime="2026-06-25T08:18:11.8221017-05:00" testType="13cdc9d9-ddb5-4fa4-a97d-d965ccfc6d4b" outcome="Passed" testListId="8c84fa94-04c1-424b-9868-57a2d4851a1d" relativeResultsDirectory="de62ed38-46ad-47d0-b70b-976e54fd8eac" />
[...]
{"@t":"2026-06-25T13:19:43.0228029Z","@mt":"Executed DbCommand ({elapsed}ms) [Parameters=[{parameters}], CommandType='{commandType}', CommandTimeout='{commandTimeout}']{newLine}{commandText}","@tr":"0968b2b913167e5651a8792da5a45c85","@sp":"586e6e2d4a779f7f","elapsed":"6","parameters":"@p0='?' (DbType = Guid), @p1='?', @p2='?', @p3='?' (DbType = Guid), @p4='?' (DbType = DateTime), @p5='?' (DbType = Guid), @p6='?', @p7='?', @p8='?', @p9='?' (DbType = DateTime), @p10='?' (DbType = Guid), @p11='?'","commandType":"Text","commandTimeout":30,"newLine":"\r\n","commandText":"INSERT INTO super_admin_logs (id, accion, actor_email, actor_id, created_at, created_by, entidad_afectada, ip, justificacion, updated_at, updated_by, user_agent)\r\nVALUES (@p0, @p1, @p2, @p3, @p4, @p5, @p6, @p7, @p8, @p9, @p10, @p11);","EventId":{"Id":20101,"Name":"Microsoft.EntityFrameworkCore.Database.Command.CommandExecuted"},"SourceContext":"Microsoft.EntityFrameworkCore.Database.Command","ActionId":"684fafe9-8a4d-419a-b245-fee6a532c557","ActionName":"Propia.Api.Controllers.AdminController.VerifyEnrollMfa (Propia.Api)","RequestId":"0HNMING4H4NKT","RequestPath":"/admin/mfa/verify-enroll","Application":"Propia.Api","Environment":"Development"}&#xD;
{"@t":"2026-06-25T13:19:43.0236648Z","@mt":"Executing {ObjectResultType}, writing value of type '{Type}'.","@tr":"0968b2b913167e5651a8792da5a45c85","@sp":"586e6e2d4a779f7f","ObjectResultType":"OkObjectResult","Type":"&lt;&gt;f__AnonymousType3`1[[System.Boolean, System.Private.CoreLib, Version=9.0.0.0, Culture=neutral, PublicKeyToken=7cec85d7bea7798e]]","EventId":{"Id":1,"Name":"ObjectResultExecuting"},"SourceContext":"Microsoft.AspNetCore.Mvc.Infrastructure.ObjectResultExecutor","ActionId":"684fafe9-8a4d-419a-b245-fee6a532c557","ActionName":"Propia.Api.Controllers.AdminController.VerifyEnrollMfa (Propia.Api)","RequestId":"0HNMING4H4NKT","RequestPath":"/admin/mfa/verify-enroll","Application":"Propia.Api","Environment":"Development"}&#xD;
{"@t":"2026-06-25T13:19:43.0255036Z","@mt":"Executed action {ActionName} in {ElapsedMilliseconds}ms","@tr":"0968b2b913167e5651a8792da5a45c85","@sp":"586e6e2d4a779f7f","ActionName":"Propia.Api.Controllers.AdminController.VerifyEnrollMfa (Propia.Api)","ElapsedMilliseconds":42.4462,"EventId":{"Id":105,"Name":"ActionExecuted"},"SourceContext":"Microsoft.AspNetCore.Mvc.Infrastructure.ControllerActionInvoker","RequestId":"0HNMING4H4NKT","RequestPath":"/admin/mfa/verify-enroll","Application":"Propia.Api","Environment":"Development"}&#xD;
{"@t":"2026-06-25T13:19:43.0259015Z","@mt":"Executed endpoint '{EndpointName}'","@tr":"0968b2b913167e5651a8792da5a45c85","@sp":"586e6e2d4a779f7f","EndpointName":"Propia.Api.Controllers.AdminController.VerifyEnrollMfa (Propia.Api)","EventId":{"Id":1,"Name":"ExecutedEndpoint"},"SourceContext":"Microsoft.AspNetCore.Routing.EndpointMiddleware","RequestId":"0HNMING4H4NKT","RequestPath":"/admin/mfa/verify-enroll","Application":"Propia.Api","Environment":"Development"}&#xD;
{"@t":"2026-06-25T13:19:43.0265996Z","@mt":"Request finished {Protocol} {Method} {Scheme}://{Host}{PathBase}{Path}{QueryString} - {StatusCode} {ContentLength} {ContentType} {ElapsedMilliseconds}ms","@tr":"0968b2b913167e5651a8792da5a45c85","@sp":"586e6e2d4a779f7f","ElapsedMilliseconds":74.8027,"StatusCode":200,"ContentType":"application/json; charset=utf-8","ContentLength":null,"Protocol":"HTTP/1.1","Method":"POST","Scheme":"http","Host":"localhost","PathBase":"","Path":"/admin/mfa/verify-enroll","QueryString":"","EventId":{"Id":2},"SourceContext":"Microsoft.AspNetCore.Hosting.Diagnostics","RequestId":"0HNMING4H4NKT","RequestPath":"/admin/mfa/verify-enroll","Application":"Propia.Api","Environment":"Development"}&#xD;
{"@t":"2026-06-25T13:19:43.0300460Z","@mt":"Request starting {Protocol} {Method} {Scheme}://{Host}{PathBase}{Path}{QueryString} - {ContentType} {ContentLength}","@tr":"fc63d92cd1b96120c889773b154127ef","@sp":"76a68a1622f4c65c","Protocol":"HTTP/1.1","Method":"POST","ContentType":"application/json; charset=utf-8","ContentLength":92,"Scheme":"http","Host":"localhost","PathBase":"","Path":"/admin/login","QueryString":"","EventId":{"Id":1},"SourceContext":"Microsoft.AspNetCore.Hosting.Diagnostics","RequestId":"0HNMING4H4NKU","RequestPath":"/admin/login","Application":"Propia.Api","Environment":"Development"}&#xD;
{"@t":"2026-06-25T13:19:43.0365914Z","@mt":"Executed DbCommand ({elapsed}ms) [Parameters=[{parameters}], CommandType='{commandType}', CommandTimeout='{commandTimeout}']{newLine}{commandText}","@tr":"fc63d92cd1b96120c889773b154127ef","@sp":"76a68a1622f4c65c","elapsed":"2","parameters":"","commandType":"Text","commandTimeout":30,"newLine":"\r\n","commandText":"SELECT set_config('app.tenant_id', '', false)","EventId":{"Id":20101,"Name":"Microsoft.EntityFrameworkCore.Database.Command.CommandExecuted"},"SourceContext":"Microsoft.EntityFrameworkCore.Database.Command","RequestId":"0HNMING4H4NKU","RequestPath":"/admin/login","Application":"Propia.Api","Environment":"Development"}&#xD;
{"@t":"2026-06-25T13:19:43.0371065Z","@mt":"Executing endpoint '{EndpointName}'","@tr":"fc63d92cd1b96120c889773b154127ef","@sp":"76a68a1622f4c65c","EndpointName":"Propia.Api.Controllers.AdminController.Login (Propia.Api)","EventId":{"Name":"ExecutingEndpoint"},"SourceContext":"Microsoft.AspNetCore.Routing.EndpointMiddleware","RequestId":"0HNMING4H4NKU","RequestPath":"/admin/login","Application":"Propia.Api","Environment":"Development"}&#xD;
{"@t":"2026-06-25T13:19:43.0372764Z","@mt":"Route matched with {RouteData}. Executing controller action with signature {MethodInfo} on controller {Controller} ({AssemblyName}).","@tr":"fc63d92cd1b96120c889773b154127ef","@sp":"76a68a1622f4c65c","RouteData":"{action = \"Login\", controller = \"Admin\"}","MethodInfo":"System.Threading.Tasks.Task`1[Microsoft.AspNetCore.Mvc.IActionResult] Login(Propia.Application.SuperAdmin.SuperAdminLoginRequest, System.Threading.CancellationToken)","Controller":"Propia.Api.Controllers.AdminController","AssemblyName":"Propia.Api","EventId":{"Id":102,"Name":"ControllerActionExecuting"},"SourceContext":"Microsoft.AspNetCore.Mvc.Infrastructure.ControllerActionInvoker","ActionId":"7ade8c73-122e-4d1d-9181-b481b4d00bf7","ActionName":"Propia.Api.Controllers.AdminController.Login (Propia.Api)","RequestId":"0HNMING4H4NKU","RequestPath":"/admin/login","Application":"Propia.Api","Environment":"Development"}&#xD;
{"@t":"2026-06-25T13:19:43.0474252Z","@mt":"Executed DbCommand ({elapsed}ms) [Parameters=[{parameters}], CommandType='{commandType}', CommandTimeout='{commandTimeout}']{newLine}{commandText}","@tr":"fc63d92cd1b96120c889773b154127ef","@sp":"76a68a1622f4c65c","elapsed":"6","parameters":"@__request_Email_0='?'","commandType":"Text","commandTimeout":30,"newLine":"\r\n","commandText":"SELECT s.id, s.activo, s.created_at, s.created_by, s.email, s.mfa_configurado, s.mfa_secret, s.password_hash, s.rol, s.ultima_ip, s.ultimo_acceso, s.updated_at, s.updated_by\r\nFROM super_admin_usuarios AS s\r\nWHERE s.email = @__request_Email_0 AND s.activo\r\nLIMIT 1","EventId":{"Id":20101,"Name":"Microsoft.EntityFrameworkCore.Database.Command.CommandExecuted"},"SourceContext":"Microsoft.EntityFrameworkCore.Database.Command","ActionId":"7ade8c73-122e-4d1d-9181-b481b4d00bf7","ActionName":"Propia.Api.Controllers.AdminController.Login (Propia.Api)","RequestId":"0HNMING4H4NKU","RequestPath":"/admin/login","Application":"Propia.Api","Environment":"Development"}&#xD;
{"@t":"2026-06-25T13:19:43.3261908Z","@mt":"Executed DbCommand ({elapsed}ms) [Parameters=[{parameters}], CommandType='{commandType}', CommandTimeout='{commandTimeout}']{newLine}{commandText}","@tr":"fc63d92cd1b96120c889773b154127ef","@sp":"76a68a1622f4c65c","elapsed":"7","parameters":"@p0='?' (DbType = Guid), @p1='?', @p2='?', @p3='?' (DbType = Guid), @p4='?' (DbType = DateTime), @p5='?' (DbType = Guid), @p6='?', @p7='?', @p8='?', @p9='?' (DbType = DateTime), @p10='?' (DbType = Guid), @p11='?'","commandType":"Text","commandTimeout":30,"newLine":"\r\n","commandText":"INSERT INTO super_admin_logs (id, accion, actor_email, actor_id, created_at, created_by, entidad_afectada, ip, justificacion, updated_at, updated_by, user_agent)\r\nVALUES (@p0, @p1, @p2, @p3, @p4, @p5, @p6, @p7, @p8, @p9, @p10, @p11);","EventId":{"Id":20101,"Name":"Microsoft.EntityFrameworkCore.Database.Command.CommandExecuted"},"SourceContext":"Microsoft.EntityFrameworkCore.Database.Command","ActionId":"7ade8c73-122e-4d1d-9181-b481b4d00bf7","ActionName":"Propia.Api.Controllers.AdminController.Login (Propia.Api)","RequestId":"0HNMING4H4NKU","RequestPath":"/admin/login","Application":"Propia.Api","Environment":"Development"}&#xD;
{"@t":"2026-06-25T13:19:43.3267098Z","@mt":"Executing {ObjectResultType}, writing value of type '{Type}'.","@tr":"fc63d92cd1b96120c889773b154127ef","@sp":"76a68a1622f4c65c","ObjectResultType":"OkObjectResult","Type":"Propia.Application.SuperAdmin.SuperAdminLoginResponse","EventId":{"Id":1,"Name":"ObjectResultExecuting"},"SourceContext":"Microsoft.AspNetCore.Mvc.Infrastructure.ObjectResultExecutor","ActionId":"7ade8c73-122e-4d1d-9181-b481b4d00bf7","ActionName":"Propia.Api.Controllers.AdminController.Login (Propia.Api)","RequestId":"0HNMING4H4NKU","RequestPath":"/admin/login","Application":"Propia.Api","Environment":"Development"}&#xD;
{"@t":"2026-06-25T13:19:43.3284626Z","@mt":"Executed action {ActionName} in {ElapsedMilliseconds}ms","@tr":"fc63d92cd1b96120c889773b154127ef","@sp":"76a68a1622f4c65c","ActionName":"Propia.Api.Controllers.AdminController.Login (Propia.Api)","ElapsedMilliseconds":290.918,"EventId":{"Id":105,"Name":"ActionExecuted"},"SourceContext":"Microsoft.AspNetCore.Mvc.Infrastructure.ControllerActionInvoker","RequestId":"0HNMING4H4NKU","RequestPath":"/admin/login","Application":"Propia.Api","Environment":"Development"}&#xD;
{"@t":"2026-06-25T13:19:43.3286907Z","@mt":"Executed endpoint '{EndpointName}'","@tr":"fc63d92cd1b96120c889773b154127ef","@sp":"76a68a1622f4c65c","EndpointName":"Propia.Api.Controllers.AdminController.Login (Propia.Api)","EventId":{"Id":1,"Name":"ExecutedEndpoint"},"SourceContext":"Microsoft.AspNetCore.Routing.EndpointMiddleware","RequestId":"0HNMING4H4NKU","RequestPath":"/admin/login","Application":"Propia.Api","Environment":"Development"}&#xD;
{"@t":"2026-06-25T13:19:43.3290133Z","@mt":"Request finished {Protocol} {Method} {Scheme}://{Host}{PathBase}{Path}{QueryString} - {StatusCode} {ContentLength} {ContentType} {ElapsedMilliseconds}ms","@tr":"fc63d92cd1b96120c889773b154127ef","@sp":"76a68a1622f4c65c","ElapsedMilliseconds":298.9925,"StatusCode":200,"ContentType":"application/json; charset=utf-8","ContentLength":null,"Protocol":"HTTP/1.1","Method":"POST","Scheme":"http","Host":"localhost","PathBase":"","Path":"/admin/login","QueryString":"","EventId":{"Id":2},"SourceContext":"Microsoft.AspNetCore.Hosting.Diagnostics","RequestId":"0HNMING4H4NKU","RequestPath":"/admin/login","Application":"Propia.Api","Environment":"Development"}&#xD;
{"@t":"2026-06-25T13:19:43.3300252Z","@mt":"Request starting {Protocol} {Method} {Scheme}://{Host}{PathBase}{Path}{QueryString} - {ContentType} {ContentLength}","@tr":"2f41f14ba94f2dcb6c90f39501dd40ae","@sp":"1f46bae3762422db","Protocol":"HTTP/1.1","Method":"POST","ContentType":"application/json; charset=utf-8","ContentLength":452,"Scheme":"http","Host":"localhost","PathBase":"","Path":"/admin/mfa/verify-login","QueryString":"","EventId":{"Id":1},"SourceContext":"Microsoft.AspNetCore.Hosting.Diagnostics","RequestId":"0HNMING4H4NKV","RequestPath":"/admin/mfa/verify-login","Application":"Propia.Api","Environment":"Development"}&#xD;
{"@t":"2026-06-25T13:19:43.3411927Z","@mt":"Executed DbCommand ({elapsed}ms) [Parameters=[{parameters}], CommandType='{commandType}', CommandTimeout='{commandTimeout}']{newLine}{commandText}","@tr":"2f41f14ba94f2dcb6c90f39501dd40ae","@sp":"1f46bae3762422db","elapsed":"5","parameters":"","commandType":"Text","commandTimeout":30,"newLine":"\r\n","commandText":"SELECT set_config('app.tenant_id', '', false)","EventId":{"Id":20101,"Name":"Microsoft.EntityFrameworkCore.Database.Command.CommandExecuted"},"SourceContext":"Microsoft.EntityFrameworkCore.Database.Command","RequestId":"0HNMING4H4NKV","RequestPath":"/admin/mfa/verify-login","Application":"Propia.Api","Environment":"Development"}&#xD;
{"@t":"2026-06-25T13:19:43.3423187Z","@mt":"Executing endpoint '{EndpointName}'","@tr":"2f41f14ba94f2dcb6c90f39501dd40ae","@sp":"1f46bae3762422db","EndpointName":"Propia.Api.Controllers.AdminController.VerifyMfaLogin (Propia.Api)","EventId":{"Name":"ExecutingEndpoint"},"SourceContext":"Microsoft.AspNetCore.Routing.EndpointMiddleware","RequestId":"0HNMING4H4NKV","RequestPath":"/admin/mfa/verify-login","Application":"Propia.Api","Environment":"Development"}&#xD;
{"@t":"2026-06-25T13:19:43.3577619Z","@mt":"Route matched with {RouteData}. Executing controller action with signature {MethodInfo} on controller {Controller} ({AssemblyName}).","@tr":"2f41f14ba94f2dcb6c90f39501dd40ae","@sp":"1f46bae3762422db","RouteData":"{action = \"VerifyMfaLogin\", controller = \"Admin\"}","MethodInfo":"System.Threading.Tasks.Task`1[Microsoft.AspNetCore.Mvc.IActionResult] VerifyMfaLogin(Propia.Application.SuperAdmin.VerifyMfaLoginRequest, System.Threading.CancellationToken)","Controller":"Propia.Api.Controllers.AdminController","AssemblyName":"Propia.Api","EventId":{"Id":102,"Name":"ControllerActionExecuting"},"SourceContext":"Microsoft.AspNetCore.Mvc.Infrastructure.ControllerActionInvoker","ActionId":"a074e527-e179-4dd3-8c3e-13e04d5a0a39","ActionName":"Propia.Api.Controllers.AdminController.VerifyMfaLogin (Propia.Api)","RequestId":"0HNMING4H4NKV","RequestPath":"/admin/mfa/verify-login","Application":"Propia.Api","Environment":"Development"}&#xD;
{"@t":"2026-06-25T13:19:43.3701796Z","@mt":"Executed DbCommand ({elapsed}ms) [Parameters=[{parameters}], CommandType='{commandType}', CommandTimeout='{commandTimeout}']{newLine}{commandText}","@tr":"2f41f14ba94f2dcb6c90f39501dd40ae","@sp":"1f46bae3762422db","elapsed":"3","parameters":"@__userId_Value_0='?' (DbType = Guid)","commandType":"Text","commandTimeout":30,"newLine":"\r\n","commandText":"SELECT s.id, s.activo, s.created_at, s.created_by, s.email, s.mfa_configurado, s.mfa_secret, s.password_hash, s.rol, s.ultima_ip, s.ultimo_acceso, s.updated_at, s.updated_by\r\nFROM super_admin_usuarios AS s\r\nWHERE s.id = @__userId_Value_0 AND s.activo\r\nLIMIT 1","EventId":{"Id":20101,"Name":"Microsoft.EntityFrameworkCore.Database.Command.CommandExecuted"},"SourceContext":"Microsoft.EntityFrameworkCore.Database.Command","ActionId":"a074e527-e179-4dd3-8c3e-13e04d5a0a39","ActionName":"Propia.Api.Controllers.AdminController.VerifyMfaLogin (Propia.Api)","RequestId":"0HNMING4H4NKV","RequestPath":"/admin/mfa/verify-login","Application":"Propia.Api","Environment":"Development"}&#xD;
{"@t":"2026-06-25T13:19:43.3848679Z","@mt":"Executed DbCommand ({elapsed}ms) [Parameters=[{parameters}], CommandType='{commandType}', CommandTimeout='{commandTimeout}']{newLine}{commandText}","@tr":"2f41f14ba94f2dcb6c90f39501dd40ae","@sp":"1f46bae3762422db","elapsed":"7","parameters":"@p0='?' (DbType = Guid), @p1='?', @p2='?', @p3='?' (DbType = Guid), @p4='?' (DbType = DateTime), @p5='?' (DbType = Guid), @p6='?', @p7='?', @p8='?', @p9='?' (DbType = DateTime), @p10='?' (DbType = Guid), @p11='?'","commandType":"Text","commandTimeout":30,"newLine":"\r\n","commandText":"INSERT INTO super_admin_logs (id, accion, actor_email, actor_id, created_at, created_by, entidad_afectada, ip, justificacion, updated_at, updated_by, user_agent)\r\nVALUES (@p0, @p1, @p2, @p3, @p4, @p5, @p6, @p7, @p8, @p9, @p10, @p11);","EventId":{"Id":20101,"Name":"Microsoft.EntityFrameworkCore.Database.Command.CommandExecuted"},"SourceContext":"Microsoft.EntityFrameworkCore.Database.Command","ActionId":"a074e527-e179-4dd3-8c3e-13e04d5a0a39","ActionName":"Propia.Api.Controllers.AdminController.VerifyMfaLogin (Propia.Api)","RequestId":"0HNMING4H4NKV","RequestPath":"/admin/mfa/verify-login","Application":"Propia.Api","Environment":"Development"}&#xD;
{"@t":"2026-06-25T13:19:43.3854476Z","@mt":"Executing {ObjectResultType}, writing value of type '{Type}'.","@tr":"2f41f14ba94f2dcb6c90f39501dd40ae","@sp":"1f46bae3762422db","ObjectResultType":"UnauthorizedObjectResult","Type":"&lt;&gt;f__AnonymousType2`1[[System.String, System.Private.CoreLib, Version=9.0.0.0, Culture=neutral, PublicKeyToken=7cec85d7bea7798e]]","EventId":{"Id":1,"Name":"ObjectResultExecuting"},"SourceContext":"Microsoft.AspNetCore.Mvc.Infrastructure.ObjectResultExecutor","ActionId":"a074e527-e179-4dd3-8c3e-13e04d5a0a39","ActionName":"Propia.Api.Controllers.AdminController.VerifyMfaLogin (Propia.Api)","RequestId":"0HNMING4H4NKV","RequestPath":"/admin/mfa/verify-login","Application":"Propia.Api","Environment":"Development"}&#xD;
{"@t":"2026-06-25T13:19:43.3873756Z","@mt":"Executed action {ActionName} in {ElapsedMilliseconds}ms","@tr":"2f41f14ba94f2dcb6c90f39501dd40ae","@sp":"1f46bae3762422db","ActionName":"Propia.Api.Controllers.AdminController.VerifyMfaLogin (Propia.Api)","ElapsedMilliseconds":29.3566,"EventId":{"Id":105,"Name":"ActionExecuted"},"SourceContext":"Microsoft.AspNetCore.Mvc.Infrastructure.ControllerActionInvoker","RequestId":"0HNMING4H4NKV","RequestPath":"/admin/mfa/verify-login","Application":"Propia.Api","Environment":"Development"}&#xD;
{"@t":"2026-06-25T13:19:43.3876038Z","@mt":"Executed endpoint '{EndpointName}'","@tr":"2f41f14ba94f2dcb6c90f39501dd40ae","@sp":"1f46bae3762422db","EndpointName":"Propia.Api.Controllers.AdminController.VerifyMfaLogin (Propia.Api)","EventId":{"Id":1,"Name":"ExecutedEndpoint"},"SourceContext":"Microsoft.AspNetCore.Routing.EndpointMiddleware","RequestId":"0HNMING4H4NKV","RequestPath":"/admin/mfa/verify-login","Application":"Propia.Api","Environment":"Development"}&#xD;
{"@t":"2026-06-25T13:19:43.3879850Z","@mt":"Request finished {Protocol} {Method} {Scheme}://{Host}{PathBase}{Path}{QueryString} - {StatusCode} {ContentLength} {ContentType} {ElapsedMilliseconds}ms","@tr":"2f41f14ba94f2dcb6c90f39501dd40ae","@sp":"1f46bae3762422db","ElapsedMilliseconds":57.931,"StatusCode":401,"ContentType":"application/json; charset=utf-8","ContentLength":null,"Protocol":"HTTP/1.1","Method":"POST","Scheme":"http","Host":"localhost","PathBase":"","Path":"/admin/mfa/verify-login","QueryString":"","EventId":{"Id":2},"SourceContext":"Microsoft.AspNetCore.Hosting.Diagnostics","RequestId":"0HNMING4H4NKV","RequestPath":"/admin/mfa/verify-login","Application":"Propia.Api","Environment":"Development"}&#xD;
{"@t":"2026-06-25T13:19:43.3999157Z","@mt":"Executed DbCommand ({elapsed}ms) [Parameters=[{parameters}], CommandType='{commandType}', CommandTimeout='{commandTimeout}']{newLine}{commandText}","elapsed":"6","parameters":"@p0='?' (DbType = Guid)","commandType":"Text","commandTimeout":30,"newLine":"\r\n","commandText":"DELETE FROM super_admin_usuarios WHERE id = @p0","EventId":{"Id":20101,"Name":"Microsoft.EntityFrameworkCore.Database.Command.CommandExecuted"},"SourceContext":"Microsoft.EntityFrameworkCore.Database.Command","Application":"Propia.Api","Environment":"Development"}&#xD;
[testcontainers.org 00:04:09.39] Delete Docker container 7cb975b07bdb&#xD;
[xUnit.net 00:04:11.65]   Finished:    Propia.Integration.Tests&#xD;
</StdOut>
    </Output>
  </ResultSummary>
</TestRun>